Log file open, 05/08/19 15:13:15
LogWindows: Failed to load 'aqProf.dll' (GetLastError=126)
LogWindows: File 'aqProf.dll' does not exist
LogWindows: Failed to load 'VtuneApi.dll' (GetLastError=126)
LogWindows: File 'VtuneApi.dll' does not exist
LogWindows: Failed to load 'VtuneApi32e.dll' (GetLastError=126)
LogWindows: File 'VtuneApi32e.dll' does not exist
LogConsoleResponse: Display: Failed to find resolution value strings in scalability ini. Falling back to default.
LogInit: Display: Running engine for game: SweetDreamOvertime
LogPakFile: Registered encryption key '00000000000000000000000000000000': 0 pak files mounted, 0 remain pending
LogPlatformFile: Not using cached read wrapper
LogTaskGraph: Started task graph with 5 named threads and 35 total threads with 3 sets of task threads.
LogStats: Stats thread started at 0.549647
LogD3D11RHI: Loaded GFSDK_Aftermath_Lib.x64.dll
LogICUInternationalization: ICU TimeZone Detection - Raw Offset: +10:00, Platform Override: ''
LogPluginManager: Mounting plugin Paper2D
LogPluginManager: Mounting plugin AISupport
LogPluginManager: Mounting plugin LightPropagationVolume
LogPluginManager: Mounting plugin ActorLayerUtilities
LogPluginManager: Mounting plugin CLionSourceCodeAccess
LogPluginManager: Mounting plugin CodeLiteSourceCodeAccess
LogPluginManager: Mounting plugin GitSourceControl
LogPluginManager: Mounting plugin KDevelopSourceCodeAccess
LogPluginManager: Mounting plugin NullSourceCodeAccess
LogPluginManager: Mounting plugin PerforceSourceControl
LogPluginManager: Mounting plugin SubversionSourceControl
LogPluginManager: Mounting plugin UObjectPlugin
LogPluginManager: Mounting plugin VisualStudioCodeSourceCodeAccess
LogPluginManager: Mounting plugin VisualStudioSourceCodeAccess
LogPluginManager: Mounting plugin XCodeSourceCodeAccess
LogPluginManager: Mounting plugin AssetManagerEditor
LogPluginManager: Mounting plugin CryptoKeys
LogPluginManager: Mounting plugin DataValidation
LogPluginManager: Mounting plugin FacialAnimation
LogPluginManager: Mounting plugin GameplayTagsEditor
LogPluginManager: Mounting plugin MacGraphicsSwitching
LogPluginManager: Mounting plugin MeshEditor
LogPluginManager: Mounting plugin MobileLauncherProfileWizard
LogPluginManager: Mounting plugin PluginBrowser
LogPluginManager: Mounting plugin SpeedTreeImporter
LogPluginManager: Mounting plugin DatasmithContent
LogPluginManager: Mounting plugin VariantManagerContent
LogPluginManager: Mounting plugin AlembicImporter
LogPluginManager: Mounting plugin AppleImageUtils
LogPluginManager: Mounting plugin AppleVision
LogPluginManager: Mounting plugin BackChannel
LogPluginManager: Mounting plugin CharacterAI
LogPluginManager: Mounting plugin GeometryCache
LogPluginManager: Mounting plugin HTML5Networking
LogPluginManager: Mounting plugin ProxyLODPlugin
LogPluginManager: Mounting plugin MagicLeap
LogPluginManager: Mounting plugin MagicLeapMedia
LogPluginManager: Mounting plugin AndroidMedia
LogPluginManager: Mounting plugin AvfMedia
LogPluginManager: Mounting plugin ImgMedia
LogPluginManager: Mounting plugin LinearTimecode
LogPluginManager: Mounting plugin MediaCompositing
LogPluginManager: Mounting plugin MediaPlayerEditor
LogPluginManager: Mounting plugin WebMMedia
LogPluginManager: Mounting plugin WmfMedia
LogPluginManager: Mounting plugin TcpMessaging
LogPluginManager: Mounting plugin UdpMessaging
LogPluginManager: Mounting plugin ActorSequence
LogPluginManager: Mounting plugin LevelSequenceEditor
LogPluginManager: Mounting plugin MatineeToLevelSequence
LogPluginManager: Mounting plugin NetcodeUnitTest
LogPluginManager: Mounting plugin NUTUnrealEngine4
LogPluginManager: Mounting plugin OnlineSubsystemGooglePlay
LogPluginManager: Mounting plugin OnlineSubsystemIOS
LogPluginManager: Mounting plugin OnlineSubsystem
LogPluginManager: Mounting plugin OnlineSubsystemNull
LogPluginManager: Mounting plugin OnlineSubsystemUtils
LogPluginManager: Mounting plugin LauncherChunkInstaller
LogPluginManager: Mounting plugin AndroidDeviceProfileSelector
LogPluginManager: Mounting plugin AndroidMoviePlayer
LogPluginManager: Mounting plugin AndroidPermission
LogPluginManager: Mounting plugin AppleMoviePlayer
LogPluginManager: Mounting plugin ArchVisCharacter
LogPluginManager: Mounting plugin AudioCapture
LogPluginManager: Mounting plugin CableComponent
LogPluginManager: Mounting plugin CustomMeshComponent
LogPluginManager: Mounting plugin EditableMesh
LogPluginManager: Mounting plugin ExampleDeviceProfileSelector
LogPluginManager: Mounting plugin Firebase
LogPluginManager: Mounting plugin GoogleCloudMessaging
LogPluginManager: Mounting plugin IOSDeviceProfileSelector
LogPluginManager: Mounting plugin LinuxDeviceProfileSelector
LogPluginManager: Mounting plugin LocationServicesBPLibrary
LogPluginManager: Mounting plugin MobilePatchingUtils
LogPluginManager: Mounting plugin OculusVR
LogPluginManager: Mounting plugin PhysXVehicles
LogPluginManager: Mounting plugin ProceduralMeshComponent
LogPluginManager: Mounting plugin RuntimePhysXCooking
LogPluginManager: Mounting plugin SteamVR
LogPluginManager: Mounting plugin WebMMoviePlayer
LogPluginManager: Mounting plugin WindowsMoviePlayer
LogStreaming: Display: Took  0.592s to configure plugins.
LogInit: Using libcurl 7.55.1-DEV
LogInit:  - built for x86_64-pc-win32
LogInit:  - supports SSL with OpenSSL/1.0.2h
LogInit:  - supports HTTP deflate (compression) using libz 1.2.8
LogInit:  - other features:
LogInit:      CURL_VERSION_SSL
LogInit:      CURL_VERSION_LIBZ
LogInit:      CURL_VERSION_IPV6
LogInit:      CURL_VERSION_ASYNCHDNS
LogInit:      CURL_VERSION_LARGEFILE
LogInit:      CURL_VERSION_IDN
LogInit:  CurlRequestOptions (configurable via config and command line):
LogInit:  - bVerifyPeer = true  - Libcurl will verify peer certificate
LogInit:  - bUseHttpProxy = false  - Libcurl will NOT use HTTP proxy
LogInit:  - bDontReuseConnections = false  - Libcurl will reuse connections
LogInit:  - MaxHostConnections = 16  - Libcurl will limit the number of connections to a host
LogInit:  - LocalHostAddr = Default
LogInit:  - BufferSize = 65536
LogInit: WinSock: version 1.1 (2.2), MaxSocks=32767, MaxUdp=65467
LogHMD: Failed initializing OVRPlugin 1.28.0
LogInit: Build: ++UE4+Release-4.21-CL-4613538
LogInit: Engine Version: 4.21.1-4613538+++UE4+Release-4.21
LogInit: Compatible Engine Version: 4.21.0-4541578+++UE4+Release-4.21
LogInit: Net CL: 4541578
LogInit: OS: Windows 10 (), CPU: Intel(R) Xeon(R) W-2133 CPU @ 3.60GHz, GPU: NVIDIA GeForce GTX 1080
LogInit: Compiled (64-bit): Nov 30 2018 04:13:25
LogInit: Compiled with Visual C++: 19.13.26129.00
LogInit: Build Configuration: Development
LogInit: Branch Name: ++UE4+Release-4.21
LogInit: Command Line: 
LogInit: Base Directory: C:/Program Files/Epic Games/UE_4.21/Engine/Binaries/Win64/
LogInit: Installed Engine Build: 1
LogDevObjectVersion: Number of dev versions registered: 22
LogDevObjectVersion:   Dev-Blueprints (B0D832E4-1F89-4F0D-ACCF-7EB736FD4AA2): 10
LogDevObjectVersion:   Dev-Build (E1C64328-A22C-4D53-A36C-8E866417BD8C): 0
LogDevObjectVersion:   Dev-Core (375EC13C-06E4-48FB-B500-84F0262A717E): 2
LogDevObjectVersion:   Dev-Editor (E4B068ED-F494-42E9-A231-DA0B2E46BB41): 26
LogDevObjectVersion:   Dev-Framework (CFFC743F-43B0-4480-9391-14DF171D2073): 34
LogDevObjectVersion:   Dev-Mobile (B02B49B5-BB20-44E9-A304-32B752E40360): 2
LogDevObjectVersion:   Dev-Networking (A4E4105C-59A1-49B5-A7C5-40C4547EDFEE): 0
LogDevObjectVersion:   Dev-Online (39C831C9-5AE6-47DC-9A44-9C173E1C8E7C): 0
LogDevObjectVersion:   Dev-Physics (78F01B33-EBEA-4F98-B9B4-84EACCB95AA2): 0
LogDevObjectVersion:   Dev-Platform (6631380F-2D4D-43E0-8009-CF276956A95A): 0
LogDevObjectVersion:   Dev-Rendering (12F88B9F-8875-4AFC-A67C-D90C383ABD29): 27
LogDevObjectVersion:   Dev-Sequencer (7B5AE74C-D270-4C10-A958-57980B212A5A): 9
LogDevObjectVersion:   Dev-VR (D7296918-1DD6-4BDD-9DE2-64A83CC13884): 2
LogDevObjectVersion:   Dev-LoadTimes (C2A15278-BFE7-4AFE-6C17-90FF531DF755): 1
LogDevObjectVersion:   Private-Geometry (6EACA3D4-40EC-4CC1-B786-8BED09428FC5): 3
LogDevObjectVersion:   Dev-AnimPhys (29E575DD-E0A3-4627-9D10-D276232CDCEA): 17
LogDevObjectVersion:   Dev-Anim (AF43A65D-7FD3-4947-9873-3E8ED9C1BB05): 2
LogDevObjectVersion:   Dev-ReflectionCapture (6B266CEC-1EC7-4B8F-A30B-E4D90942FC07): 1
LogDevObjectVersion:   Dev-Automation (0DF73D61-A23F-47EA-B727-89E90C41499A): 1
LogDevObjectVersion:   FortniteMain (601D1886-AC64-4F84-AA16-D3DE0DEAC7D6): 17
LogDevObjectVersion:   Dev-Enterprise (9DFFBCD6-494F-0158-E221-12823C92A888): 4
LogDevObjectVersion:   Dev-Niagara (F2AED0AC-9AFE-416F-8664-AA7FFA26D6FC): 1
LogStreaming: Display: Took  0.004s to delete old logs.
LogInit: Presizing for max 8388607 objects, including 0 objects not considered by GC, pre-allocating 0 bytes for permanent pool.
LogInit: Object subsystem initialized
LogConfig: Setting CVar [[con.DebugEarlyDefault:1]]
LogConfig: Setting CVar [[r.setres:1280x720]]
[2019.05.08-05.13.17:418][  0]LogConfig: Setting CVar [[r.VSync:0]]
[2019.05.08-05.13.17:418][  0]LogConfig: Setting CVar [[r.RHICmdBypass:0]]
[2019.05.08-05.13.17:418][  0]LogConfig: Applying CVar settings from Section [/Script/Engine.RendererSettings] File [C:/Users/gteng/SweetDreamOvertime/SweetDreamOvertime/Saved/Config/Windows/Engine.ini]
[2019.05.08-05.13.17:419][  0]LogConfig: Setting CVar [[r.GPUCrashDebugging:0]]
[2019.05.08-05.13.17:419][  0]LogConfig: Setting CVar [[r.MobileHDR:1]]
[2019.05.08-05.13.17:419][  0]LogConfig: Setting CVar [[r.Mobile.DisableVertexFog:1]]
[2019.05.08-05.13.17:419][  0]LogConfig: Setting CVar [[r.Shadow.CSM.MaxMobileCascades:2]]
[2019.05.08-05.13.17:419][  0]LogConfig: Setting CVar [[r.MobileMSAA:1]]
[2019.05.08-05.13.17:419][  0]LogConfig: Setting CVar [[r.Mobile.UseLegacyShadingModel:0]]
[2019.05.08-05.13.17:419][  0]LogConfig: Setting CVar [[r.Mobile.AllowDitheredLODTransition:0]]
[2019.05.08-05.13.17:419][  0]LogConfig: Setting CVar [[r.Mobile.AllowSoftwareOcclusion:0]]
[2019.05.08-05.13.17:419][  0]LogConfig: Setting CVar [[r.DiscardUnusedQuality:0]]
[2019.05.08-05.13.17:419][  0]LogConfig: Setting CVar [[r.AllowOcclusionQueries:1]]
[2019.05.08-05.13.17:419][  0]LogConfig: Setting CVar [[r.MinScreenRadiusForLights:0.030000]]
[2019.05.08-05.13.17:419][  0]LogConfig: Setting CVar [[r.MinScreenRadiusForDepthPrepass:0.030000]]
[2019.05.08-05.13.17:419][  0]LogConfig: Setting CVar [[r.MinScreenRadiusForCSMDepth:0.010000]]
[2019.05.08-05.13.17:419][  0]LogConfig: Setting CVar [[r.PrecomputedVisibilityWarning:0]]
[2019.05.08-05.13.17:419][  0]LogConfig: Setting CVar [[r.TextureStreaming:1]]
[2019.05.08-05.13.17:419][  0]LogConfig: Setting CVar [[Compat.UseDXT5NormalMaps:0]]
[2019.05.08-05.13.17:419][  0]LogConfig: Setting CVar [[r.ClearCoatNormal:0]]
[2019.05.08-05.13.17:419][  0]LogConfig: Setting CVar [[r.ReflectionCaptureResolution:128]]
[2019.05.08-05.13.17:419][  0]LogConfig: Setting CVar [[r.ReflectionEnvironmentLightmapMixBasedOnRoughness:1]]
[2019.05.08-05.13.17:419][  0]LogConfig: Setting CVar [[r.ForwardShading:0]]
[2019.05.08-05.13.17:419][  0]LogConfig: Setting CVar [[r.VertexFoggingForOpaque:1]]
[2019.05.08-05.13.17:419][  0]LogConfig: Setting CVar [[r.AllowStaticLighting:1]]
[2019.05.08-05.13.17:419][  0]LogConfig: Setting CVar [[r.NormalMapsForStaticLighting:0]]
[2019.05.08-05.13.17:419][  0]LogConfig: Setting CVar [[r.GenerateMeshDistanceFields:0]]
[2019.05.08-05.13.17:419][  0]LogConfig: Setting CVar [[r.DistanceFieldBuild.EightBit:0]]
[2019.05.08-05.13.17:419][  0]LogConfig: Setting CVar [[r.GenerateLandscapeGIData:0]]
[2019.05.08-05.13.17:419][  0]LogConfig: Setting CVar [[r.DistanceFieldBuild.Compress:0]]
[2019.05.08-05.13.17:419][  0]LogConfig: Setting CVar [[r.TessellationAdaptivePixelsPerTriangle:48.000000]]
[2019.05.08-05.13.17:420][  0]LogConfig: Setting CVar [[r.SeparateTranslucency:1]]
[2019.05.08-05.13.17:420][  0]LogConfig: Setting CVar [[r.TranslucentSortPolicy:0]]
[2019.05.08-05.13.17:420][  0]LogConfig: Setting CVar [[r.CustomDepth:1]]
[2019.05.08-05.13.17:420][  0]LogConfig: Setting CVar [[r.CustomDepthTemporalAAJitter:1]]
[2019.05.08-05.13.17:420][  0]LogConfig: Setting CVar [[r.PostProcessing.PropagateAlpha:0]]
[2019.05.08-05.13.17:420][  0]LogConfig: Setting CVar [[r.DOF.Algorithm:1]]
[2019.05.08-05.13.17:420][  0]LogConfig: Setting CVar [[r.DefaultFeature.Bloom:1]]
[2019.05.08-05.13.17:420][  0]LogConfig: Setting CVar [[r.DefaultFeature.AmbientOcclusion:1]]
[2019.05.08-05.13.17:420][  0]LogConfig: Setting CVar [[r.DefaultFeature.AmbientOcclusionStaticFraction:1]]
[2019.05.08-05.13.17:420][  0]LogConfig: Setting CVar [[r.DefaultFeature.AutoExposure:0]]
[2019.05.08-05.13.17:420][  0]LogConfig: Setting CVar [[r.DefaultFeature.AutoExposure.Method:0]]
[2019.05.08-05.13.17:420][  0]LogConfig: Setting CVar [[r.DefaultFeature.AutoExposure.ExtendDefaultLuminanceRange:0]]
[2019.05.08-05.13.17:420][  0]LogConfig: Setting CVar [[r.UsePreExposure:0]]
[2019.05.08-05.13.17:420][  0]LogConfig: Setting CVar [[r.DefaultFeature.MotionBlur:0]]
[2019.05.08-05.13.17:420][  0]LogConfig: Setting CVar [[r.DefaultFeature.LensFlare:0]]
[2019.05.08-05.13.17:420][  0]LogConfig: Setting CVar [[r.TemporalAA.Upsampling:0]]
[2019.05.08-05.13.17:420][  0]LogConfig: Setting CVar [[r.DefaultFeature.AntiAliasing:0]]
[2019.05.08-05.13.17:420][  0]LogConfig: Setting CVar [[r.DefaultFeature.LightUnits:1]]
[2019.05.08-05.13.17:420][  0]LogConfig: Setting CVar [[r.DefaultBackBufferPixelFormat:4]]
[2019.05.08-05.13.17:420][  0]LogConfig: Setting CVar [[r.Shadow.UnbuiltPreviewInGame:1]]
[2019.05.08-05.13.17:420][  0]LogConfig: Setting CVar [[r.StencilForLODDither:0]]
[2019.05.08-05.13.17:420][  0]LogConfig: Setting CVar [[r.EarlyZPass:3]]
[2019.05.08-05.13.17:420][  0]LogConfig: Setting CVar [[r.EarlyZPassMovable:1]]
[2019.05.08-05.13.17:420][  0]LogConfig: Setting CVar [[r.EarlyZPassOnlyMaterialMasking:0]]
[2019.05.08-05.13.17:420][  0]LogConfig: Setting CVar [[r.DBuffer:1]]
[2019.05.08-05.13.17:421][  0]LogConfig: Setting CVar [[r.ClearSceneMethod:1]]
[2019.05.08-05.13.17:421][  0]LogConfig: Setting CVar [[r.BasePassOutputsVelocity:0]]
[2019.05.08-05.13.17:421][  0]LogConfig: Setting CVar [[r.SelectiveBasePassOutputs:0]]
[2019.05.08-05.13.17:421][  0]LogConfig: Setting CVar [[fx.GPUSimulationTextureSizeX:1024]]
[2019.05.08-05.13.17:421][  0]LogConfig: Setting CVar [[fx.GPUSimulationTextureSizeY:1024]]
[2019.05.08-05.13.17:421][  0]LogConfig: Setting CVar [[r.AllowGlobalClipPlane:0]]
[2019.05.08-05.13.17:421][  0]LogConfig: Setting CVar [[r.GBufferFormat:1]]
[2019.05.08-05.13.17:421][  0]LogConfig: Setting CVar [[r.MorphTarget.Mode:1]]
[2019.05.08-05.13.17:421][  0]LogConfig: Setting CVar [[vr.InstancedStereo:0]]
[2019.05.08-05.13.17:421][  0]LogConfig: Setting CVar [[vr.MultiView:0]]
[2019.05.08-05.13.17:421][  0]LogConfig: Setting CVar [[vr.MobileMultiView:0]]
[2019.05.08-05.13.17:421][  0]LogConfig: Setting CVar [[vr.MobileMultiView.Direct:0]]
[2019.05.08-05.13.17:421][  0]LogConfig: Setting CVar [[vr.MonoscopicFarField:0]]
[2019.05.08-05.13.17:421][  0]LogConfig: Setting CVar [[vr.RoundRobinOcclusion:0]]
[2019.05.08-05.13.17:421][  0]LogConfig: Setting CVar [[vr.ODSCapture:0]]
[2019.05.08-05.13.17:421][  0]LogConfig: Setting CVar [[r.WireframeCullThreshold:5.000000]]
[2019.05.08-05.13.17:421][  0]LogConfig: Setting CVar [[r.SupportStationarySkylight:1]]
[2019.05.08-05.13.17:421][  0]LogConfig: Setting CVar [[r.SupportLowQualityLightmaps:1]]
[2019.05.08-05.13.17:421][  0]LogConfig: Setting CVar [[r.SupportPointLightWholeSceneShadows:1]]
[2019.05.08-05.13.17:421][  0]LogConfig: Setting CVar [[r.SupportAtmosphericFog:1]]
[2019.05.08-05.13.17:421][  0]LogConfig: Setting CVar [[r.SkinCache.CompileShaders:0]]
[2019.05.08-05.13.17:421][  0]LogConfig: Setting CVar [[r.Mobile.EnableStaticAndCSMShadowReceivers:1]]
[2019.05.08-05.13.17:421][  0]LogConfig: Setting CVar [[r.Mobile.EnableMovableLightCSMShaderCulling:1]]
[2019.05.08-05.13.17:421][  0]LogConfig: Setting CVar [[r.Mobile.AllowDistanceFieldShadows:1]]
[2019.05.08-05.13.17:421][  0]LogConfig: Setting CVar [[r.Mobile.AllowMovableDirectionalLights:1]]
[2019.05.08-05.13.17:421][  0]LogConfig: Setting CVar [[r.MobileNumDynamicPointLights:4]]
[2019.05.08-05.13.17:421][  0]LogConfig: Setting CVar [[r.MobileDynamicPointLightsUseStaticBranch:1]]
[2019.05.08-05.13.17:421][  0]LogConfig: Setting CVar [[r.SkinCache.SceneMemoryLimitInMB:128.000000]]
[2019.05.08-05.13.17:421][  0]LogConfig: Setting CVar [[r.GPUSkin.Limit2BoneInfluences:0]]
[2019.05.08-05.13.17:421][  0]LogConfig: Setting CVar [[r.SupportDepthOnlyIndexBuffers:1]]
[2019.05.08-05.13.17:421][  0]LogConfig: Setting CVar [[r.SupportReversedIndexBuffers:1]]
[2019.05.08-05.13.17:422][  0]LogConfig: Setting CVar [[r.SupportMaterialLayers:0]]
[2019.05.08-05.13.17:422][  0]LogConfig: Applying CVar settings from Section [/Script/Engine.RendererOverrideSettings] File [C:/Users/gteng/SweetDreamOvertime/SweetDreamOvertime/Saved/Config/Windows/Engine.ini]
[2019.05.08-05.13.17:422][  0]LogConfig: Applying CVar settings from Section [/Script/Engine.StreamingSettings] File [C:/Users/gteng/SweetDreamOvertime/SweetDreamOvertime/Saved/Config/Windows/Engine.ini]
[2019.05.08-05.13.17:422][  0]LogConfig: Setting CVar [[s.MinBulkDataSizeForAsyncLoading:131072]]
[2019.05.08-05.13.17:422][  0]LogConfig: Setting CVar [[s.AsyncLoadingThreadEnabled:0]]
[2019.05.08-05.13.17:422][  0]LogConfig: Setting CVar [[s.EventDrivenLoaderEnabled:1]]
[2019.05.08-05.13.17:422][  0]LogConfig: Setting CVar [[s.WarnIfTimeLimitExceeded:0]]
[2019.05.08-05.13.17:422][  0]LogConfig: Setting CVar [[s.TimeLimitExceededMultiplier:1.5]]
[2019.05.08-05.13.17:422][  0]LogConfig: Setting CVar [[s.TimeLimitExceededMinTime:0.005]]
[2019.05.08-05.13.17:422][  0]LogConfig: Setting CVar [[s.UseBackgroundLevelStreaming:1]]
[2019.05.08-05.13.17:422][  0]LogConfig: Setting CVar [[s.PriorityAsyncLoadingExtraTime:15.0]]
[2019.05.08-05.13.17:422][  0]LogConfig: Setting CVar [[s.LevelStreamingActorsUpdateTimeLimit:5.0]]
[2019.05.08-05.13.17:422][  0]LogConfig: Setting CVar [[s.PriorityLevelStreamingActorsUpdateExtraTime:5.0]]
[2019.05.08-05.13.17:422][  0]LogConfig: Setting CVar [[s.LevelStreamingComponentsRegistrationGranularity:10]]
[2019.05.08-05.13.17:422][  0]LogConfig: Setting CVar [[s.UnregisterComponentsTimeLimit:1.0]]
[2019.05.08-05.13.17:422][  0]LogConfig: Setting CVar [[s.LevelStreamingComponentsUnregistrationGranularity:5]]
[2019.05.08-05.13.17:422][  0]LogConfig: Applying CVar settings from Section [/Script/Engine.GarbageCollectionSettings] File [C:/Users/gteng/SweetDreamOvertime/SweetDreamOvertime/Saved/Config/Windows/Engine.ini]
[2019.05.08-05.13.17:422][  0]LogConfig: Setting CVar [[gc.MaxObjectsNotConsideredByGC:1]]
[2019.05.08-05.13.17:422][  0]LogConfig: Setting CVar [[gc.SizeOfPermanentObjectPool:0]]
[2019.05.08-05.13.17:422][  0]LogConfig: Setting CVar [[gc.FlushStreamingOnGC:0]]
[2019.05.08-05.13.17:422][  0]LogConfig: Setting CVar [[gc.NumRetriesBeforeForcingGC:10]]
[2019.05.08-05.13.17:422][  0]LogConfig: Setting CVar [[gc.AllowParallelGC:1]]
[2019.05.08-05.13.17:422][  0]LogConfig: Setting CVar [[gc.TimeBetweenPurgingPendingKillObjects:61.1]]
[2019.05.08-05.13.17:422][  0]LogConfig: Setting CVar [[gc.MaxObjectsInEditor:8388607]]
[2019.05.08-05.13.17:422][  0]LogConfig: Setting CVar [[gc.IncrementalBeginDestroyEnabled:1]]
[2019.05.08-05.13.17:422][  0]LogConfig: Setting CVar [[gc.CreateGCClusters:1]]
[2019.05.08-05.13.17:422][  0]LogConfig: Setting CVar [[gc.MergeGCClusters:0]]
[2019.05.08-05.13.17:422][  0]LogConfig: Setting CVar [[gc.MinGCClusterSize:5]]
[2019.05.08-05.13.17:422][  0]LogConfig: Setting CVar [[gc.ActorClusteringEnabled:0]]
[2019.05.08-05.13.17:423][  0]LogConfig: Setting CVar [[gc.BlueprintClusteringEnabled:0]]
[2019.05.08-05.13.17:423][  0]LogConfig: Setting CVar [[gc.UseDisregardForGCOnDedicatedServers:0]]
[2019.05.08-05.13.17:423][  0]LogConfig: Applying CVar settings from Section [/Script/Engine.NetworkSettings] File [C:/Users/gteng/SweetDreamOvertime/SweetDreamOvertime/Saved/Config/Windows/Engine.ini]
[2019.05.08-05.13.17:423][  0]LogConfig: Applying CVar settings from Section [/Script/UnrealEd.CookerSettings] File [C:/Users/gteng/SweetDreamOvertime/SweetDreamOvertime/Saved/Config/Windows/Engine.ini]
[2019.05.08-05.13.17:444][  0]LogConfig: Applying CVar settings from Section [ViewDistanceQuality@3] File [C:/Users/gteng/SweetDreamOvertime/SweetDreamOvertime/Saved/Config/Windows/Scalability.ini]
[2019.05.08-05.13.17:444][  0]LogConfig: Setting CVar [[r.SkeletalMeshLODBias:0]]
[2019.05.08-05.13.17:444][  0]LogConfig: Setting CVar [[r.ViewDistanceScale:1.0]]
[2019.05.08-05.13.17:444][  0]LogConfig: Applying CVar settings from Section [AntiAliasingQuality@3] File [C:/Users/gteng/SweetDreamOvertime/SweetDreamOvertime/Saved/Config/Windows/Scalability.ini]
[2019.05.08-05.13.17:444][  0]LogConfig: Setting CVar [[r.PostProcessAAQuality:4]]
[2019.05.08-05.13.17:445][  0]LogConfig: Applying CVar settings from Section [ShadowQuality@3] File [C:/Users/gteng/SweetDreamOvertime/SweetDreamOvertime/Saved/Config/Windows/Scalability.ini]
[2019.05.08-05.13.17:445][  0]LogConfig: Setting CVar [[r.LightFunctionQuality:1]]
[2019.05.08-05.13.17:445][  0]LogConfig: Setting CVar [[r.ShadowQuality:5]]
[2019.05.08-05.13.17:445][  0]LogConfig: Setting CVar [[r.Shadow.CSM.MaxCascades:10]]
[2019.05.08-05.13.17:445][  0]LogConfig: Setting CVar [[r.Shadow.MaxResolution:2048]]
[2019.05.08-05.13.17:445][  0]LogConfig: Setting CVar [[r.Shadow.MaxCSMResolution:2048]]
[2019.05.08-05.13.17:445][  0]LogConfig: Setting CVar [[r.Shadow.RadiusThreshold:0.01]]
[2019.05.08-05.13.17:445][  0]LogConfig: Setting CVar [[r.Shadow.DistanceScale:1.0]]
[2019.05.08-05.13.17:445][  0]LogConfig: Setting CVar [[r.Shadow.CSM.TransitionScale:1.0]]
[2019.05.08-05.13.17:445][  0]LogConfig: Setting CVar [[r.Shadow.PreShadowResolutionFactor:1.0]]
[2019.05.08-05.13.17:445][  0]LogConfig: Setting CVar [[r.DistanceFieldShadowing:1]]
[2019.05.08-05.13.17:445][  0]LogConfig: Setting CVar [[r.DistanceFieldAO:1]]
[2019.05.08-05.13.17:445][  0]LogConfig: Setting CVar [[r.AOQuality:2]]
[2019.05.08-05.13.17:445][  0]LogConfig: Setting CVar [[r.VolumetricFog:1]]
[2019.05.08-05.13.17:445][  0]LogConfig: Setting CVar [[r.VolumetricFog.GridPixelSize:8]]
[2019.05.08-05.13.17:445][  0]LogConfig: Setting CVar [[r.VolumetricFog.GridSizeZ:128]]
[2019.05.08-05.13.17:445][  0]LogConfig: Setting CVar [[r.VolumetricFog.HistoryMissSupersampleCount:4]]
[2019.05.08-05.13.17:445][  0]LogConfig: Setting CVar [[r.LightMaxDrawDistanceScale:1]]
[2019.05.08-05.13.17:445][  0]LogConfig: Setting CVar [[r.CapsuleShadows:1]]
[2019.05.08-05.13.17:445][  0]LogConfig: Applying CVar settings from Section [PostProcessQuality@3] File [C:/Users/gteng/SweetDreamOvertime/SweetDreamOvertime/Saved/Config/Windows/Scalability.ini]
[2019.05.08-05.13.17:445][  0]LogConfig: Setting CVar [[r.MotionBlurQuality:4]]
[2019.05.08-05.13.17:445][  0]LogConfig: Setting CVar [[r.AmbientOcclusionMipLevelFactor:0.4]]
[2019.05.08-05.13.17:445][  0]LogConfig: Setting CVar [[r.AmbientOcclusionMaxQuality:100]]
[2019.05.08-05.13.17:445][  0]LogConfig: Setting CVar [[r.AmbientOcclusionLevels:-1]]
[2019.05.08-05.13.17:445][  0]LogConfig: Setting CVar [[r.AmbientOcclusionRadiusScale:1.0]]
[2019.05.08-05.13.17:445][  0]LogConfig: Setting CVar [[r.DepthOfFieldQuality:2]]
[2019.05.08-05.13.17:445][  0]LogConfig: Setting CVar [[r.RenderTargetPoolMin:400]]
[2019.05.08-05.13.17:445][  0]LogConfig: Setting CVar [[r.LensFlareQuality:2]]
[2019.05.08-05.13.17:445][  0]LogConfig: Setting CVar [[r.SceneColorFringeQuality:1]]
[2019.05.08-05.13.17:445][  0]LogConfig: Setting CVar [[r.EyeAdaptationQuality:2]]
[2019.05.08-05.13.17:445][  0]LogConfig: Setting CVar [[r.BloomQuality:5]]
[2019.05.08-05.13.17:445][  0]LogConfig: Setting CVar [[r.FastBlurThreshold:100]]
[2019.05.08-05.13.17:446][  0]LogConfig: Setting CVar [[r.Upscale.Quality:3]]
[2019.05.08-05.13.17:446][  0]LogConfig: Setting CVar [[r.Tonemapper.GrainQuantization:1]]
[2019.05.08-05.13.17:446][  0]LogConfig: Setting CVar [[r.LightShaftQuality:1]]
[2019.05.08-05.13.17:446][  0]LogConfig: Setting CVar [[r.Filter.SizeScale:1]]
[2019.05.08-05.13.17:446][  0]LogConfig: Setting CVar [[r.Tonemapper.Quality:5]]
[2019.05.08-05.13.17:446][  0]LogConfig: Setting CVar [[r.DOF.Gather.AccumulatorQuality:1        ; higher gathering accumulator quality]]
[2019.05.08-05.13.17:446][  0]LogConfig: Setting CVar [[r.DOF.Gather.PostfilterMethod:1          ; Median3x3 postfilering method]]
[2019.05.08-05.13.17:446][  0]LogConfig: Setting CVar [[r.DOF.Gather.EnableBokehSettings:0       ; no bokeh simulation when gathering]]
[2019.05.08-05.13.17:446][  0]LogConfig: Setting CVar [[r.DOF.Gather.RingCount:4                 ; medium number of samples when gathering]]
[2019.05.08-05.13.17:446][  0]LogConfig: Setting CVar [[r.DOF.Scatter.ForegroundCompositing:1    ; additive foreground scattering]]
[2019.05.08-05.13.17:446][  0]LogConfig: Setting CVar [[r.DOF.Scatter.BackgroundCompositing:2    ; additive background scattering]]
[2019.05.08-05.13.17:446][  0]LogConfig: Setting CVar [[r.DOF.Scatter.EnableBokehSettings:1      ; bokeh simulation when scattering]]
[2019.05.08-05.13.17:446][  0]LogConfig: Setting CVar [[r.DOF.Scatter.MaxSpriteRatio:0.1         ; only a maximum of 10% of scattered bokeh]]
[2019.05.08-05.13.17:446][  0]LogConfig: Setting CVar [[r.DOF.Recombine.Quality:1                ; cheap slight out of focus]]
[2019.05.08-05.13.17:446][  0]LogConfig: Setting CVar [[r.DOF.Recombine.EnableBokehSettings:0    ; no bokeh simulation on slight out of focus]]
[2019.05.08-05.13.17:446][  0]LogConfig: Setting CVar [[r.DOF.TemporalAAQuality:1                ; more stable temporal accumulation]]
[2019.05.08-05.13.17:446][  0]LogConfig: Setting CVar [[r.DOF.Kernel.MaxForegroundRadius:0.025]]
[2019.05.08-05.13.17:446][  0]LogConfig: Setting CVar [[r.DOF.Kernel.MaxBackgroundRadius:0.025]]
[2019.05.08-05.13.17:446][  0]LogConfig: Applying CVar settings from Section [TextureQuality@3] File [C:/Users/gteng/SweetDreamOvertime/SweetDreamOvertime/Saved/Config/Windows/Scalability.ini]
[2019.05.08-05.13.17:446][  0]LogConfig: Setting CVar [[r.Streaming.MipBias:0]]
[2019.05.08-05.13.17:446][  0]LogConfig: Setting CVar [[r.Streaming.AmortizeCPUToGPUCopy:0]]
[2019.05.08-05.13.17:446][  0]LogConfig: Setting CVar [[r.Streaming.MaxNumTexturesToStreamPerFrame:0]]
[2019.05.08-05.13.17:446][  0]LogConfig: Setting CVar [[r.Streaming.Boost:1]]
[2019.05.08-05.13.17:446][  0]LogConfig: Setting CVar [[r.MaxAnisotropy:8]]
[2019.05.08-05.13.17:446][  0]LogConfig: Setting CVar [[r.Streaming.LimitPoolSizeToVRAM:0]]
[2019.05.08-05.13.17:447][  0]LogConfig: Setting CVar [[r.Streaming.PoolSize:1000]]
[2019.05.08-05.13.17:447][  0]LogConfig: Setting CVar [[r.Streaming.MaxEffectiveScreenSize:0]]
[2019.05.08-05.13.17:447][  0]LogConfig: Applying CVar settings from Section [EffectsQuality@3] File [C:/Users/gteng/SweetDreamOvertime/SweetDreamOvertime/Saved/Config/Windows/Scalability.ini]
[2019.05.08-05.13.17:447][  0]LogConfig: Setting CVar [[r.TranslucencyLightingVolumeDim:64]]
[2019.05.08-05.13.17:447][  0]LogConfig: Setting CVar [[r.RefractionQuality:2]]
[2019.05.08-05.13.17:447][  0]LogConfig: Setting CVar [[r.SSR.Quality:3]]
[2019.05.08-05.13.17:447][  0]LogConfig: Setting CVar [[r.SceneColorFormat:4]]
[2019.05.08-05.13.17:447][  0]LogConfig: Setting CVar [[r.DetailMode:2]]
[2019.05.08-05.13.17:447][  0]LogConfig: Setting CVar [[r.TranslucencyVolumeBlur:1]]
[2019.05.08-05.13.17:447][  0]LogConfig: Setting CVar [[r.MaterialQualityLevel:1 ; High quality]]
[2019.05.08-05.13.17:447][  0]LogConfig: Setting CVar [[r.SSS.Scale:1]]
[2019.05.08-05.13.17:447][  0]LogConfig: Setting CVar [[r.SSS.SampleSet:2]]
[2019.05.08-05.13.17:447][  0]LogConfig: Setting CVar [[r.SSS.Quality:1]]
[2019.05.08-05.13.17:447][  0]LogConfig: Setting CVar [[r.SSS.HalfRes:1]]
[2019.05.08-05.13.17:447][  0]LogConfig: Setting CVar [[r.EmitterSpawnRateScale:1.0]]
[2019.05.08-05.13.17:447][  0]LogConfig: Setting CVar [[r.ParticleLightQuality:2]]
[2019.05.08-05.13.17:447][  0]LogConfig: Applying CVar settings from Section [FoliageQuality@3] File [C:/Users/gteng/SweetDreamOvertime/SweetDreamOvertime/Saved/Config/Windows/Scalability.ini]
[2019.05.08-05.13.17:447][  0]LogConfig: Setting CVar [[foliage.DensityScale:1.0]]
[2019.05.08-05.13.17:447][  0]LogConfig: Setting CVar [[grass.DensityScale:1.0]]
[2019.05.08-05.13.17:447][  0]LogInit: Selected Device Profile: [Windows]
[2019.05.08-05.13.17:447][  0]LogInit: Applying CVar settings loaded from the selected device profile: [Windows]
[2019.05.08-05.13.17:486][  0]LogHAL: Display: Platform has ~ 32 GB [33996247040 / 34359738368 / 32], which maps to Largest [LargestMinGB=32, LargerMinGB=12, DefaultMinGB=8, SmallerMinGB=6, SmallestMinGB=0)
[2019.05.08-05.13.17:486][  0]LogConfig: Setting CVar [[r.Vulkan.UseRealUBs:1]]
[2019.05.08-05.13.17:486][  0]LogInit: Going up to parent DeviceProfile []
[2019.05.08-05.13.17:486][  0]LogConfig: Applying CVar settings from Section [ViewDistanceQuality@3] File [C:/Users/gteng/SweetDreamOvertime/SweetDreamOvertime/Saved/Config/Windows/Scalability.ini]
[2019.05.08-05.13.17:486][  0]LogConfig: Setting CVar [[r.SkeletalMeshLODBias:0]]
[2019.05.08-05.13.17:486][  0]LogConfig: Setting CVar [[r.ViewDistanceScale:1.0]]
[2019.05.08-05.13.17:486][  0]LogConfig: Applying CVar settings from Section [AntiAliasingQuality@3] File [C:/Users/gteng/SweetDreamOvertime/SweetDreamOvertime/Saved/Config/Windows/Scalability.ini]
[2019.05.08-05.13.17:486][  0]LogConfig: Setting CVar [[r.PostProcessAAQuality:4]]
[2019.05.08-05.13.17:486][  0]LogConfig: Applying CVar settings from Section [ShadowQuality@3] File [C:/Users/gteng/SweetDreamOvertime/SweetDreamOvertime/Saved/Config/Windows/Scalability.ini]
[2019.05.08-05.13.17:486][  0]LogConfig: Setting CVar [[r.LightFunctionQuality:1]]
[2019.05.08-05.13.17:486][  0]LogConfig: Setting CVar [[r.ShadowQuality:5]]
[2019.05.08-05.13.17:486][  0]LogConfig: Setting CVar [[r.Shadow.CSM.MaxCascades:10]]
[2019.05.08-05.13.17:486][  0]LogConfig: Setting CVar [[r.Shadow.MaxResolution:2048]]
[2019.05.08-05.13.17:486][  0]LogConfig: Setting CVar [[r.Shadow.MaxCSMResolution:2048]]
[2019.05.08-05.13.17:486][  0]LogConfig: Setting CVar [[r.Shadow.RadiusThreshold:0.01]]
[2019.05.08-05.13.17:487][  0]LogConfig: Setting CVar [[r.Shadow.DistanceScale:1.0]]
[2019.05.08-05.13.17:487][  0]LogConfig: Setting CVar [[r.Shadow.CSM.TransitionScale:1.0]]
[2019.05.08-05.13.17:487][  0]LogConfig: Setting CVar [[r.Shadow.PreShadowResolutionFactor:1.0]]
[2019.05.08-05.13.17:487][  0]LogConfig: Setting CVar [[r.DistanceFieldShadowing:1]]
[2019.05.08-05.13.17:487][  0]LogConfig: Setting CVar [[r.DistanceFieldAO:1]]
[2019.05.08-05.13.17:487][  0]LogConfig: Setting CVar [[r.AOQuality:2]]
[2019.05.08-05.13.17:487][  0]LogConfig: Setting CVar [[r.VolumetricFog:1]]
[2019.05.08-05.13.17:487][  0]LogConfig: Setting CVar [[r.VolumetricFog.GridPixelSize:8]]
[2019.05.08-05.13.17:487][  0]LogConfig: Setting CVar [[r.VolumetricFog.GridSizeZ:128]]
[2019.05.08-05.13.17:487][  0]LogConfig: Setting CVar [[r.VolumetricFog.HistoryMissSupersampleCount:4]]
[2019.05.08-05.13.17:487][  0]LogConfig: Setting CVar [[r.LightMaxDrawDistanceScale:1]]
[2019.05.08-05.13.17:487][  0]LogConfig: Setting CVar [[r.CapsuleShadows:1]]
[2019.05.08-05.13.17:487][  0]LogConfig: Applying CVar settings from Section [PostProcessQuality@3] File [C:/Users/gteng/SweetDreamOvertime/SweetDreamOvertime/Saved/Config/Windows/Scalability.ini]
[2019.05.08-05.13.17:487][  0]LogConfig: Setting CVar [[r.MotionBlurQuality:4]]
[2019.05.08-05.13.17:487][  0]LogConfig: Setting CVar [[r.AmbientOcclusionMipLevelFactor:0.4]]
[2019.05.08-05.13.17:487][  0]LogConfig: Setting CVar [[r.AmbientOcclusionMaxQuality:100]]
[2019.05.08-05.13.17:487][  0]LogConfig: Setting CVar [[r.AmbientOcclusionLevels:-1]]
[2019.05.08-05.13.17:487][  0]LogConfig: Setting CVar [[r.AmbientOcclusionRadiusScale:1.0]]
[2019.05.08-05.13.17:487][  0]LogConfig: Setting CVar [[r.DepthOfFieldQuality:2]]
[2019.05.08-05.13.17:487][  0]LogConfig: Setting CVar [[r.RenderTargetPoolMin:400]]
[2019.05.08-05.13.17:487][  0]LogConfig: Setting CVar [[r.LensFlareQuality:2]]
[2019.05.08-05.13.17:487][  0]LogConfig: Setting CVar [[r.SceneColorFringeQuality:1]]
[2019.05.08-05.13.17:487][  0]LogConfig: Setting CVar [[r.EyeAdaptationQuality:2]]
[2019.05.08-05.13.17:487][  0]LogConfig: Setting CVar [[r.BloomQuality:5]]
[2019.05.08-05.13.17:487][  0]LogConfig: Setting CVar [[r.FastBlurThreshold:100]]
[2019.05.08-05.13.17:487][  0]LogConfig: Setting CVar [[r.Upscale.Quality:3]]
[2019.05.08-05.13.17:487][  0]LogConfig: Setting CVar [[r.Tonemapper.GrainQuantization:1]]
[2019.05.08-05.13.17:487][  0]LogConfig: Setting CVar [[r.LightShaftQuality:1]]
[2019.05.08-05.13.17:487][  0]LogConfig: Setting CVar [[r.Filter.SizeScale:1]]
[2019.05.08-05.13.17:487][  0]LogConfig: Setting CVar [[r.Tonemapper.Quality:5]]
[2019.05.08-05.13.17:487][  0]LogConfig: Setting CVar [[r.DOF.Gather.AccumulatorQuality:1        ; higher gathering accumulator quality]]
[2019.05.08-05.13.17:487][  0]LogConfig: Setting CVar [[r.DOF.Gather.PostfilterMethod:1          ; Median3x3 postfilering method]]
[2019.05.08-05.13.17:487][  0]LogConfig: Setting CVar [[r.DOF.Gather.EnableBokehSettings:0       ; no bokeh simulation when gathering]]
[2019.05.08-05.13.17:487][  0]LogConfig: Setting CVar [[r.DOF.Gather.RingCount:4                 ; medium number of samples when gathering]]
[2019.05.08-05.13.17:487][  0]LogConfig: Setting CVar [[r.DOF.Scatter.ForegroundCompositing:1    ; additive foreground scattering]]
[2019.05.08-05.13.17:487][  0]LogConfig: Setting CVar [[r.DOF.Scatter.BackgroundCompositing:2    ; additive background scattering]]
[2019.05.08-05.13.17:487][  0]LogConfig: Setting CVar [[r.DOF.Scatter.EnableBokehSettings:1      ; bokeh simulation when scattering]]
[2019.05.08-05.13.17:487][  0]LogConfig: Setting CVar [[r.DOF.Scatter.MaxSpriteRatio:0.1         ; only a maximum of 10% of scattered bokeh]]
[2019.05.08-05.13.17:487][  0]LogConfig: Setting CVar [[r.DOF.Recombine.Quality:1                ; cheap slight out of focus]]
[2019.05.08-05.13.17:487][  0]LogConfig: Setting CVar [[r.DOF.Recombine.EnableBokehSettings:0    ; no bokeh simulation on slight out of focus]]
[2019.05.08-05.13.17:487][  0]LogConfig: Setting CVar [[r.DOF.TemporalAAQuality:1                ; more stable temporal accumulation]]
[2019.05.08-05.13.17:487][  0]LogConfig: Setting CVar [[r.DOF.Kernel.MaxForegroundRadius:0.025]]
[2019.05.08-05.13.17:487][  0]LogConfig: Setting CVar [[r.DOF.Kernel.MaxBackgroundRadius:0.025]]
[2019.05.08-05.13.17:487][  0]LogConfig: Applying CVar settings from Section [TextureQuality@3] File [C:/Users/gteng/SweetDreamOvertime/SweetDreamOvertime/Saved/Config/Windows/Scalability.ini]
[2019.05.08-05.13.17:487][  0]LogConfig: Setting CVar [[r.Streaming.MipBias:0]]
[2019.05.08-05.13.17:487][  0]LogConfig: Setting CVar [[r.Streaming.AmortizeCPUToGPUCopy:0]]
[2019.05.08-05.13.17:487][  0]LogConfig: Setting CVar [[r.Streaming.MaxNumTexturesToStreamPerFrame:0]]
[2019.05.08-05.13.17:487][  0]LogConfig: Setting CVar [[r.Streaming.Boost:1]]
[2019.05.08-05.13.17:487][  0]LogConfig: Setting CVar [[r.MaxAnisotropy:8]]
[2019.05.08-05.13.17:487][  0]LogConfig: Setting CVar [[r.Streaming.LimitPoolSizeToVRAM:0]]
[2019.05.08-05.13.17:487][  0]LogConfig: Setting CVar [[r.Streaming.PoolSize:1000]]
[2019.05.08-05.13.17:487][  0]LogConfig: Setting CVar [[r.Streaming.MaxEffectiveScreenSize:0]]
[2019.05.08-05.13.17:487][  0]LogConfig: Applying CVar settings from Section [EffectsQuality@3] File [C:/Users/gteng/SweetDreamOvertime/SweetDreamOvertime/Saved/Config/Windows/Scalability.ini]
[2019.05.08-05.13.17:487][  0]LogConfig: Setting CVar [[r.TranslucencyLightingVolumeDim:64]]
[2019.05.08-05.13.17:487][  0]LogConfig: Setting CVar [[r.RefractionQuality:2]]
[2019.05.08-05.13.17:487][  0]LogConfig: Setting CVar [[r.SSR.Quality:3]]
[2019.05.08-05.13.17:487][  0]LogConfig: Setting CVar [[r.SceneColorFormat:4]]
[2019.05.08-05.13.17:487][  0]LogConfig: Setting CVar [[r.DetailMode:2]]
[2019.05.08-05.13.17:487][  0]LogConfig: Setting CVar [[r.TranslucencyVolumeBlur:1]]
[2019.05.08-05.13.17:487][  0]LogConfig: Setting CVar [[r.MaterialQualityLevel:1 ; High quality]]
[2019.05.08-05.13.17:487][  0]LogConfig: Setting CVar [[r.SSS.Scale:1]]
[2019.05.08-05.13.17:487][  0]LogConfig: Setting CVar [[r.SSS.SampleSet:2]]
[2019.05.08-05.13.17:487][  0]LogConfig: Setting CVar [[r.SSS.Quality:1]]
[2019.05.08-05.13.17:487][  0]LogConfig: Setting CVar [[r.SSS.HalfRes:1]]
[2019.05.08-05.13.17:487][  0]LogConfig: Setting CVar [[r.EmitterSpawnRateScale:1.0]]
[2019.05.08-05.13.17:487][  0]LogConfig: Setting CVar [[r.ParticleLightQuality:2]]
[2019.05.08-05.13.17:487][  0]LogConfig: Applying CVar settings from Section [FoliageQuality@3] File [C:/Users/gteng/SweetDreamOvertime/SweetDreamOvertime/Saved/Config/Windows/Scalability.ini]
[2019.05.08-05.13.17:487][  0]LogConfig: Setting CVar [[foliage.DensityScale:1.0]]
[2019.05.08-05.13.17:487][  0]LogConfig: Setting CVar [[grass.DensityScale:1.0]]
[2019.05.08-05.13.17:487][  0]LogConfig: Applying CVar settings from Section [Startup] File [../../../Engine/Config/ConsoleVariables.ini]
[2019.05.08-05.13.17:488][  0]LogConfig: Setting CVar [[net.UseAdaptiveNetUpdateFrequency:0]]
[2019.05.08-05.13.17:488][  0]LogConfig: Applying CVar settings from Section [ConsoleVariables] File [C:/Users/gteng/SweetDreamOvertime/SweetDreamOvertime/Saved/Config/Windows/Engine.ini]
[2019.05.08-05.13.17:488][  0]LogInit: Computer: L-B-GB3510-01
[2019.05.08-05.13.17:488][  0]LogInit: User: gteng
[2019.05.08-05.13.17:488][  0]LogInit: CPU Page size=4096, Cores=6
[2019.05.08-05.13.17:488][  0]LogInit: High frequency timer resolution =3.515627 MHz
[2019.05.08-05.13.17:488][  0]LogMemory: Memory total: Physical=31.7GB (32GB approx)
[2019.05.08-05.13.17:488][  0]LogMemory: Platform Memory Stats for Windows
[2019.05.08-05.13.17:488][  0]LogMemory: Process Physical Memory: 108.61 MB used, 108.61 MB peak
[2019.05.08-05.13.17:488][  0]LogMemory: Process Virtual Memory: 91.25 MB used, 91.25 MB peak
[2019.05.08-05.13.17:488][  0]LogMemory: Physical Memory: 7143.54 MB used,  25277.80 MB free, 32421.35 MB total
[2019.05.08-05.13.17:488][  0]LogMemory: Virtual Memory: 591.71 MB used,  134217136.00 MB free, 134217728.00 MB total
[2019.05.08-05.13.17:544][  0]LogInit: Using OS detected language (en-US).
[2019.05.08-05.13.17:544][  0]LogInit: Using OS detected locale (en-AU).
[2019.05.08-05.13.17:545][  0]LogTextLocalizationManager: No specific localization for 'en-US' exists, so the 'en' localization will be used.
[2019.05.08-05.13.17:891][  0]LogStreaming: Display: Took  0.346s to InitEngineTextLocalization.
[2019.05.08-05.13.17:891][  0]LogInit: Setting process to per monitor DPI aware
[2019.05.08-05.13.17:949][  0]LogSlate: New Slate User Created.  User Index 0, Is Virtual User: 0
[2019.05.08-05.13.17:949][  0]LogSlate: Slate User Registered.  User Index 0, Is Virtual User: 0
[2019.05.08-05.13.18:232][  0]LogHMD: Failed to initialize OpenVR with code 110
[2019.05.08-05.13.18:232][  0]LogD3D11RHI: D3D11 adapters:
[2019.05.08-05.13.18:312][  0]LogD3D11RHI:    0. 'NVIDIA GeForce GTX 1080' (Feature Level 11_0)
[2019.05.08-05.13.18:312][  0]LogD3D11RHI:       8079/0/16210 MB DedicatedVideo/DedicatedSystem/SharedSystem, Outputs:3, VendorId:0x10de
[2019.05.08-05.13.18:319][  0]LogD3D11RHI:    1. 'Microsoft Basic Render Driver' (Feature Level 11_0)
[2019.05.08-05.13.18:319][  0]LogD3D11RHI:       0/0/16210 MB DedicatedVideo/DedicatedSystem/SharedSystem, Outputs:0, VendorId:0x1414
[2019.05.08-05.13.18:319][  0]LogD3D11RHI: Chosen D3D11 Adapter: 0
[2019.05.08-05.13.18:334][  0]LogD3D11RHI: Creating new Direct3DDevice
[2019.05.08-05.13.18:334][  0]LogD3D11RHI:     GPU DeviceId: 0x1b80 (for the marketing name, search the web for "GPU Device Id")
[2019.05.08-05.13.18:334][  0]LogWindows: EnumDisplayDevices:
[2019.05.08-05.13.18:334][  0]LogWindows:    0. 'NVIDIA GeForce GTX 1080' (P:1 D:1)
[2019.05.08-05.13.18:334][  0]LogWindows:    1. 'NVIDIA GeForce GTX 1080' (P:0 D:1)
[2019.05.08-05.13.18:335][  0]LogWindows:    2. 'NVIDIA GeForce GTX 1080' (P:0 D:1)
[2019.05.08-05.13.18:335][  0]LogWindows:    3. 'NVIDIA GeForce GTX 1080' (P:0 D:0)
[2019.05.08-05.13.18:335][  0]LogWindows:    4. 'DameWare Development Mirror Driver 64-bit' (P:0 D:0)
[2019.05.08-05.13.18:335][  0]LogWindows: DebugString: GetVideoDriverDetailsInvalid PrimaryIsNotTheChoosenAdapter FoundDriverCount:4 
[2019.05.08-05.13.18:336][  0]LogD3D11RHI:     Adapter Name: NVIDIA GeForce GTX 1080
[2019.05.08-05.13.18:336][  0]LogD3D11RHI:   Driver Version: 419.35 (internal:25.21.14.1935, unified:419.35)
[2019.05.08-05.13.18:336][  0]LogD3D11RHI:      Driver Date: 3-1-2019
[2019.05.08-05.13.18:336][  0]LogRHI: Texture pool is 5655 MB (70% of 8079 MB)
[2019.05.08-05.13.18:377][  0]LogD3D11RHI: Async texture creation enabled
[2019.05.08-05.13.18:391][  0]LogD3D11RHI: GPU Timing Frequency: 1000.000000 (Debug: 2 1)
[2019.05.08-05.13.19:130][  0]LogTemp: Display: Loaded TP AllDesktopTargetPlatform
[2019.05.08-05.13.19:167][  0]LogTemp: Display: Loaded TP MacClientTargetPlatform
[2019.05.08-05.13.19:185][  0]LogTemp: Display: Loaded TP MacNoEditorTargetPlatform
[2019.05.08-05.13.19:201][  0]LogTemp: Display: Loaded TP MacServerTargetPlatform
[2019.05.08-05.13.19:216][  0]LogTemp: Display: Loaded TP MacTargetPlatform
[2019.05.08-05.13.19:231][  0]LogTemp: Display: Loaded TP WindowsClientTargetPlatform
[2019.05.08-05.13.19:246][  0]LogTemp: Display: Loaded TP WindowsNoEditorTargetPlatform
[2019.05.08-05.13.19:262][  0]LogTemp: Display: Loaded TP WindowsServerTargetPlatform
[2019.05.08-05.13.19:271][  0]LogTemp: Display: Loaded TP WindowsTargetPlatform
[2019.05.08-05.13.19:350][  0]LogTemp: Display: Loaded TP AndroidTargetPlatform
[2019.05.08-05.13.19:350][  0]LogTemp: Display: Loaded TP AndroidTargetPlatform
[2019.05.08-05.13.19:350][  0]LogTemp: Display: Loaded TP AndroidTargetPlatform
[2019.05.08-05.13.19:350][  0]LogTemp: Display: Loaded TP AndroidTargetPlatform
[2019.05.08-05.13.19:350][  0]LogTemp: Display: Loaded TP AndroidTargetPlatform
[2019.05.08-05.13.19:350][  0]LogTemp: Display: Loaded TP AndroidTargetPlatform
[2019.05.08-05.13.19:350][  0]LogTemp: Display: Loaded TP AndroidTargetPlatform
[2019.05.08-05.13.19:350][  0]LogTemp: Display: Loaded TP AndroidTargetPlatform
[2019.05.08-05.13.19:350][  0]LogTemp: Display: Loaded TP AndroidTargetPlatform
[2019.05.08-05.13.19:350][  0]LogTemp: Display: Loaded TP AndroidTargetPlatform
[2019.05.08-05.13.19:350][  0]LogTemp: Display: Loaded TP AndroidTargetPlatform
[2019.05.08-05.13.19:350][  0]LogTemp: Display: Loaded TP AndroidTargetPlatform
[2019.05.08-05.13.19:350][  0]LogTemp: Display: Loaded TP AndroidTargetPlatform
[2019.05.08-05.13.19:350][  0]LogTemp: Display: Loaded TP AndroidTargetPlatform
[2019.05.08-05.13.19:350][  0]LogTemp: Display: Loaded TP AndroidTargetPlatform
[2019.05.08-05.13.19:350][  0]LogTemp: Display: Loaded TP AndroidTargetPlatform
[2019.05.08-05.13.19:350][  0]LogTemp: Display: Loaded TP AndroidTargetPlatform
[2019.05.08-05.13.19:350][  0]LogTemp: Display: Loaded TP AndroidTargetPlatform
[2019.05.08-05.13.19:355][  0]LogTemp: Display: Loaded TP HTML5TargetPlatform
[2019.05.08-05.13.19:440][  0]LogTemp: Display: Loaded TP IOSTargetPlatform
[2019.05.08-05.13.19:440][  0]LogTemp: Display: Loaded TP IOSTargetPlatform
[2019.05.08-05.13.19:484][  0]LogTemp: Display: Loaded TP TVOSTargetPlatform
[2019.05.08-05.13.19:484][  0]LogTemp: Display: Loaded TP TVOSTargetPlatform
[2019.05.08-05.13.19:518][  0]LogTemp: Display: Loaded TP LinuxClientTargetPlatform
[2019.05.08-05.13.19:534][  0]LogTemp: Display: Loaded TP LinuxNoEditorTargetPlatform
[2019.05.08-05.13.19:549][  0]LogTemp: Display: Loaded TP LinuxServerTargetPlatform
[2019.05.08-05.13.19:564][  0]LogTemp: Display: Loaded TP LinuxTargetPlatform
[2019.05.08-05.13.19:618][  0]LogTemp: Display: Loaded TP LuminTargetPlatform
[2019.05.08-05.13.19:618][  0]LogTemp: Display: Loaded TP LuminTargetPlatform
[2019.05.08-05.13.19:618][  0]LogTargetPlatformManager: Display: Building Assets For Windows
[2019.05.08-05.13.19:786][  0]LogShaderCompilers: Guid format shader working directory is -14 characters bigger than the processId version (../../../../../../Users/gteng/SweetDreamOvertime/SweetDreamOvertime/Intermediate/Shaders/WorkingDirectory/1376/).
[2019.05.08-05.13.19:786][  0]LogShaderCompilers: Cleaned the shader compiler working directory 'C:/Users/gteng.DU.000/AppData/Local/Temp/UnrealShaderWorkingDir/A2C3D6EF43ABF24DC91EDC8895048428/'.
[2019.05.08-05.13.19:789][  0]LogXGEController: Cannot use XGE Controller as Incredibuild is not installed on this machine.
[2019.05.08-05.13.19:789][  0]LogShaderCompilers: Cannot use XGE Shader Compiler as Incredibuild is not installed on this machine.
[2019.05.08-05.13.19:789][  0]LogShaderCompilers: Display: Using Local Shader Compiler.
[2019.05.08-05.13.20:295][  0]LogDerivedDataCache: Display: Max Cache Size: 512 MB
[2019.05.08-05.13.20:348][  0]LogDerivedDataCache: Loaded boot cache 0.05s 86MB C:/Users/gteng.DU.000/AppData/Local/UnrealEngine/4.21/DerivedDataCache/Boot.ddc.
[2019.05.08-05.13.20:348][  0]LogDerivedDataCache: Display: Loaded Boot cache: C:/Users/gteng.DU.000/AppData/Local/UnrealEngine/4.21/DerivedDataCache/Boot.ddc
[2019.05.08-05.13.20:348][  0]LogDerivedDataCache: FDerivedDataBackendGraph:  Pak pak cache file ../../../../../../Users/gteng/SweetDreamOvertime/SweetDreamOvertime/DerivedDataCache/DDC.ddp not found, will not use a pak cache.
[2019.05.08-05.13.20:348][  0]LogDerivedDataCache: Unable to find inner node Pak for hierarchical cache Hierarchy.
[2019.05.08-05.13.20:348][  0]LogDerivedDataCache: FDerivedDataBackendGraph:  CompressedPak pak cache file ../../../../../../Users/gteng/SweetDreamOvertime/SweetDreamOvertime/DerivedDataCache/Compressed.ddp not found, will not use a pak cache.
[2019.05.08-05.13.20:348][  0]LogDerivedDataCache: Unable to find inner node CompressedPak for hierarchical cache Hierarchy.
[2019.05.08-05.13.20:362][  0]LogDerivedDataCache: Display: Pak cache opened for reading ../../../Engine/DerivedDataCache/Compressed.ddp.
[2019.05.08-05.13.20:362][  0]LogDerivedDataCache: FDerivedDataBackendGraph:  EnterprisePak pak cache file ../../../Enterprise/DerivedDataCache/Compressed.ddp not found, will not use a pak cache.
[2019.05.08-05.13.20:362][  0]LogDerivedDataCache: Unable to find inner node EnterprisePak for hierarchical cache Hierarchy.
[2019.05.08-05.13.20:376][  0]LogDerivedDataCache: Using Local data cache path C:/Users/gteng.DU.000/AppData/Local/UnrealEngine/Common/DerivedDataCache: Writable
[2019.05.08-05.13.20:376][  0]LogDerivedDataCache: Shared data cache path not found in *engine.ini, will not use an Shared cache.
[2019.05.08-05.13.20:376][  0]LogDerivedDataCache: Unable to find inner node Shared for hierarchical cache Hierarchy.
[2019.05.08-05.13.20:412][  0]LogMaterial: Verifying Global Shaders for PCD3D_SM5
[2019.05.08-05.13.20:413][  0]LogSlate: Using FreeType 2.6.0
[2019.05.08-05.13.20:414][  0]LogSlate: SlateFontServices - WITH_FREETYPE: 1, WITH_HARFBUZZ: 1
[2019.05.08-05.13.20:514][  0]LogAssetRegistry: FAssetRegistry took 0.0383 seconds to start up
[2019.05.08-05.13.20:873][  0]LogInit: Selected Device Profile: [Windows]
[2019.05.08-05.13.21:050][  0]LogSimplygon: Simplygon DLL not present - disabling.
[2019.05.08-05.13.21:057][  0]LogMeshReduction: Using SimplygonSwarm for distributed automatic mesh merging
[2019.05.08-05.13.21:057][  0]LogMeshReduction: Using ProxyLODMeshReduction for automatic mesh merging
[2019.05.08-05.13.21:057][  0]LogMeshReduction: Using QuadricMeshReduction for automatic static mesh reduction
[2019.05.08-05.13.21:057][  0]LogMeshReduction: No automatic skeletal mesh reduction module available
[2019.05.08-05.13.21:069][  0]LogNetVersion: SweetDreamOvertime 1.0.0, NetCL: 4541578, EngineNetVer: 5, GameNetVer: 0 (Checksum: 1002712165)
[2019.05.08-05.13.22:118][  0]LogPackageLocalizationCache: Processed 11 localized package path(s) for 2 prioritized culture(s) in 0.584993 seconds
[2019.05.08-05.13.22:129][  0]LogUObjectArray: 39775 objects as part of root set at end of initial load.
[2019.05.08-05.13.22:129][  0]LogUObjectAllocator: 6914656 out of 0 bytes used by permanent object pool.
[2019.05.08-05.13.22:129][  0]LogUObjectArray: CloseDisregardForGC: 0/0 objects in disregard for GC pool
[2019.05.08-05.13.23:482][  0]LogTcpMessaging: Initializing TcpMessaging bridge
[2019.05.08-05.13.23:500][  0]LogUdpMessaging: Initializing bridge on interface 0.0.0.0:0 to multicast group 230.0.0.1:6666.
[2019.05.08-05.13.24:273][  0]SourceControl: Source control is disabled
[2019.05.08-05.13.24:273][  0]SourceControl: Source control is disabled
[2019.05.08-05.13.24:277][  0]SourceControl: Source control is disabled
[2019.05.08-05.13.24:280][  0]SourceControl: Source control is disabled
[2019.05.08-05.13.24:557][  0]LogAndroidPermission: UAndroidPermissionCallbackProxy::GetInstance
[2019.05.08-05.13.24:678][  0]LogOcInput: OculusInput pre-init called
[2019.05.08-05.13.24:863][  0]LogEngine: Initializing Engine...
[2019.05.08-05.13.24:864][  0]LogHMD: Failed to initialize OpenVR with code 110
[2019.05.08-05.13.24:866][  0]LogStats: UGameplayTagsManager::ConstructGameplayTagTree: ImportINI prefixes -  0.000 s
[2019.05.08-05.13.24:866][  0]LogStats: UGameplayTagsManager::ConstructGameplayTagTree: Construct from data asset -  0.000 s
[2019.05.08-05.13.24:866][  0]LogStats: UGameplayTagsManager::ConstructGameplayTagTree: ImportINI -  0.000 s
[2019.05.08-05.13.24:866][  0]LogStats: UGameplayTagsManager::ConstructGameplayTagTree: GameplayTagTreeChangedEvent.Broadcast -  0.000 s
[2019.05.08-05.13.25:103][  0]LogInit: Initializing FReadOnlyCVARCache
[2019.05.08-05.13.25:124][  0]LogAIModule: Creating AISystem for world Untitled
[2019.05.08-05.13.25:133][  0]LogInit: XAudio2 using 'Speakers (2- Realtek High Definition Audio)' : 2 channels at 48 kHz using 32 bits per sample (channel mask 0x3)
[2019.05.08-05.13.25:206][  0]LogInit: FAudioDevice initialized.
[2019.05.08-05.13.25:206][  0]LogNetVersion: Set ProjectVersion to 1.0.0.0. Version Checksum will be recalculated on next use.
[2019.05.08-05.13.25:317][  0]LogDerivedDataCache: Saved boot cache 0.11s 86MB C:/Users/gteng.DU.000/AppData/Local/UnrealEngine/4.21/DerivedDataCache/Boot.ddc.
[2019.05.08-05.13.25:335][  0]LogInit: Texture streaming: Enabled
[2019.05.08-05.13.25:383][  0]LogEngineSessionManager: EngineSessionManager initialized
[2019.05.08-05.13.25:742][  0]LogInit: Transaction tracking system initialized
[2019.05.08-05.13.25:808][  0]BlueprintLog: New page: Editor Load
[2019.05.08-05.13.25:940][  0]LocalizationService: Localization service is disabled
[2019.05.08-05.13.26:512][  0]LogFileCache: Scanning file cache for directory 'C:/Users/gteng/SweetDreamOvertime/SweetDreamOvertime/Content/' took 0.02s
[2019.05.08-05.13.26:512][  0]LogCook: Display: Max memory allowance for cook 16384mb min free memory 0mb
[2019.05.08-05.13.26:512][  0]LogCook: Display: Mobile HDR setting 1
[2019.05.08-05.13.26:512][  0]LogGameplayTags: Display: UGameplayTagsManager::DoneAddingNativeTags. DelegateIsBound: 0
[2019.05.08-05.13.26:512][  0]LogStats: UGameplayTagsManager::ConstructGameplayTagTree: ImportINI prefixes -  0.000 s
[2019.05.08-05.13.26:512][  0]LogStats: UGameplayTagsManager::ConstructGameplayTagTree: Construct from data asset -  0.000 s
[2019.05.08-05.13.26:513][  0]LogStats: UGameplayTagsManager::ConstructGameplayTagTree: ImportINI -  0.000 s
[2019.05.08-05.13.26:513][  0]LogStats: UGameplayTagsManager::ConstructGameplayTagTree: GameplayTagTreeChangedEvent.Broadcast -  0.000 s
[2019.05.08-05.13.26:747][  0]SourceControl: Source control is disabled
[2019.05.08-05.13.26:747][  0]Cmd: MAP LOAD FILE="../../../../../../Users/gteng/SweetDreamOvertime/SweetDreamOvertime/Content/TopDownBP/Maps/TopDownExampleMap.umap" TEMPLATE=0 SHOWPROGRESS=1 FEATURELEVEL=3
[2019.05.08-05.13.26:747][  0]LightingResults: New page: Lighting Build
[2019.05.08-05.13.26:751][  0]MapCheck: New page: Map Check
[2019.05.08-05.13.26:751][  0]LightingResults: New page: Lighting Build
[2019.05.08-05.13.26:942][  0]LogTexture: Display: Building textures: Dream_Clouds (BGRA8, 78X108)
[2019.05.08-05.13.26:942][  0]LogTexture: Display: Building textures: Tileset_sandman (BGRA8, 288X65)
[2019.05.08-05.13.26:942][  0]LogTexture: Display: Building textures: Sandman_walk_cycle__side_ (BGRA8, 400X51)
[2019.05.08-05.13.26:942][  0]LogStaticMesh: Building static mesh Floor_400x400...
[2019.05.08-05.13.26:948][  0]LogStaticMesh: Built static mesh [0.01s] /Game/StarterContent/Architecture/Floor_400x400.Floor_400x400
[2019.05.08-05.13.27:070][  0]LogAIModule: Creating AISystem for world TopDownExampleMap
[2019.05.08-05.13.27:079][  0]LogEditorServer: Finished looking for orphan Actors (0.000 secs)
[2019.05.08-05.13.27:111][  0]Cmd: MAP CHECKDEP NOCLEARLOG
[2019.05.08-05.13.27:111][  0]MapCheck: Map check complete: 0 Error(s), 0 Warning(s), took 0.251ms to complete.
[2019.05.08-05.13.27:111][  0]LogFileHelpers: Loading map 'TopDownExampleMap' took 0.365
[2019.05.08-05.13.27:268][  0]LogSlate: Updating window title bar state: overlay mode, drag disabled, window buttons hidden, title bar hidden
[2019.05.08-05.13.27:287][  0]LogSlate: Updating window title bar state: overlay mode, drag disabled, window buttons hidden, title bar hidden
[2019.05.08-05.13.27:300][  0]LogSlate: Updating window title bar state: overlay mode, drag disabled, window buttons hidden, title bar hidden
[2019.05.08-05.13.27:309][  0]LogSlate: Updating window title bar state: overlay mode, drag disabled, window buttons hidden, title bar hidden
[2019.05.08-05.13.27:331][  0]LogCollectionManager: Loaded 0 collections in 0.002192 seconds
[2019.05.08-05.13.27:390][  0]LogFileCache: Scanning file cache for directory 'C:/Users/gteng/SweetDreamOvertime/SweetDreamOvertime/Saved/Collections/' took 0.01s
[2019.05.08-05.13.27:390][  0]LogFileCache: Scanning file cache for directory 'C:/Users/gteng/SweetDreamOvertime/SweetDreamOvertime/Content/Developers/gteng/Collections/' took 0.01s
[2019.05.08-05.13.27:390][  0]LogFileCache: Scanning file cache for directory 'C:/Users/gteng/SweetDreamOvertime/SweetDreamOvertime/Content/Collections/' took 0.01s
[2019.05.08-05.13.27:390][  0]LogCollectionManager: Rebuilt the GUID cache for 0 collections in 0.000000 seconds
[2019.05.08-05.13.27:409][  0]LogContentBrowser: Native class hierarchy populated in 0.0172 seconds. Added 2651 classes and 620 folders.
[2019.05.08-05.13.27:429][  0]LogContentBrowser: Native class hierarchy updated for 'WidgetCarousel' in 0.0003 seconds. Added 0 classes and 0 folders.
[2019.05.08-05.13.27:445][  0]LogPakFile: Registered encryption key '00000000000000000000000000000000': 0 pak files mounted, 0 remain pending
[2019.05.08-05.13.27:458][  0]LogPakFile: Registered encryption key '00000000000000000000000000000000': 0 pak files mounted, 0 remain pending
[2019.05.08-05.13.27:479][  0]LogPakFile: Registered encryption key '00000000000000000000000000000000': 0 pak files mounted, 0 remain pending
[2019.05.08-05.13.27:485][  0]LogPakFile: Registered encryption key '00000000000000000000000000000000': 0 pak files mounted, 0 remain pending
[2019.05.08-05.13.27:491][  0]LogPakFile: Registered encryption key '00000000000000000000000000000000': 0 pak files mounted, 0 remain pending
[2019.05.08-05.13.27:497][  0]LogPakFile: Registered encryption key '00000000000000000000000000000000': 0 pak files mounted, 0 remain pending
[2019.05.08-05.13.27:503][  0]LogPakFile: Registered encryption key '00000000000000000000000000000000': 0 pak files mounted, 0 remain pending
[2019.05.08-05.13.27:509][  0]LogPakFile: Registered encryption key '00000000000000000000000000000000': 0 pak files mounted, 0 remain pending
[2019.05.08-05.13.27:515][  0]LogPakFile: Registered encryption key '00000000000000000000000000000000': 0 pak files mounted, 0 remain pending
[2019.05.08-05.13.27:522][  0]LogPakFile: Registered encryption key '00000000000000000000000000000000': 0 pak files mounted, 0 remain pending
[2019.05.08-05.13.27:527][  0]LogPakFile: Registered encryption key '00000000000000000000000000000000': 0 pak files mounted, 0 remain pending
[2019.05.08-05.13.27:532][  0]LogPakFile: Registered encryption key '00000000000000000000000000000000': 0 pak files mounted, 0 remain pending
[2019.05.08-05.13.27:539][  0]LogPakFile: Registered encryption key '00000000000000000000000000000000': 0 pak files mounted, 0 remain pending
[2019.05.08-05.13.27:544][  0]LogPakFile: Registered encryption key '00000000000000000000000000000000': 0 pak files mounted, 0 remain pending
[2019.05.08-05.13.27:549][  0]LogPakFile: Registered encryption key '00000000000000000000000000000000': 0 pak files mounted, 0 remain pending
[2019.05.08-05.13.27:555][  0]LogPakFile: Registered encryption key '00000000000000000000000000000000': 0 pak files mounted, 0 remain pending
[2019.05.08-05.13.27:573][  0]LogPakFile: Registered encryption key '00000000000000000000000000000000': 0 pak files mounted, 0 remain pending
[2019.05.08-05.13.27:579][  0]LogPakFile: Registered encryption key '00000000000000000000000000000000': 0 pak files mounted, 0 remain pending
[2019.05.08-05.13.27:585][  0]LogPakFile: Registered encryption key '00000000000000000000000000000000': 0 pak files mounted, 0 remain pending
[2019.05.08-05.13.27:591][  0]LogPakFile: Registered encryption key '00000000000000000000000000000000': 0 pak files mounted, 0 remain pending
[2019.05.08-05.13.27:613][  0]LogPakFile: Registered encryption key '00000000000000000000000000000000': 0 pak files mounted, 0 remain pending
[2019.05.08-05.13.27:619][  0]LogPakFile: Registered encryption key '00000000000000000000000000000000': 0 pak files mounted, 0 remain pending
[2019.05.08-05.13.27:625][  0]LogPakFile: Registered encryption key '00000000000000000000000000000000': 0 pak files mounted, 0 remain pending
[2019.05.08-05.13.27:631][  0]LogPakFile: Registered encryption key '00000000000000000000000000000000': 0 pak files mounted, 0 remain pending
[2019.05.08-05.13.27:636][  0]LogPakFile: Registered encryption key '00000000000000000000000000000000': 0 pak files mounted, 0 remain pending
[2019.05.08-05.13.27:644][  0]LogPakFile: Registered encryption key '00000000000000000000000000000000': 0 pak files mounted, 0 remain pending
[2019.05.08-05.13.27:816][  0]LogContentBrowser: Native class hierarchy updated for 'AddContentDialog' in 0.0006 seconds. Added 0 classes and 0 folders.
[2019.05.08-05.13.27:838][  0]LogContentBrowser: Native class hierarchy updated for 'SceneOutliner' in 0.0003 seconds. Added 1 classes and 2 folders.
[2019.05.08-05.13.27:914][  0]LogSlate: Took 0.000568 seconds to synchronously load lazily loaded font '../../../Engine/Content/Slate/Fonts/Roboto-Regular.ttf' (155K)
[2019.05.08-05.13.27:920][  0]LogSlate: Took 0.000426 seconds to synchronously load lazily loaded font '../../../Engine/Content/Slate/Fonts/Roboto-Bold.ttf' (160K)
[2019.05.08-05.13.27:943][  0]LogSlate: Took 0.010124 seconds to synchronously load lazily loaded font '../../../Engine/Content/Editor/Slate/Fonts/FontAwesome.ttf' (139K)
[2019.05.08-05.13.28:095][  0]LogRenderer: Reallocating scene render targets to support 1208x576 Format 10 NumSamples 1 (Frame:1).
[2019.05.08-05.13.28:221][  0]LogSlate: FSceneViewport::OnFocusLost() reason 2
[2019.05.08-05.13.28:237][  0]LogSlate: Window 'Tutorials' being destroyed
[2019.05.08-05.13.28:269][  0]LogContentBrowser: Native class hierarchy updated for 'HierarchicalLODOutliner' in 0.0005 seconds. Added 0 classes and 0 folders.
[2019.05.08-05.13.28:269][  0]LogLoad: (Engine Initialization) Total time: 16.31 seconds
[2019.05.08-05.13.28:269][  0]LogLoad: (Engine Initialization) Total Blueprint compile time: 0.00 seconds
[2019.05.08-05.13.28:351][  0]LogContentStreaming: Texture pool size now 1000 MB
[2019.05.08-05.13.28:386][  0]LogSlate: Took 0.005315 seconds to synchronously load lazily loaded font '../../../Engine/Content/Slate/Fonts/Roboto-Light.ttf' (167K)
[2019.05.08-05.13.28:421][  1]LogAssetRegistry: Asset discovery search completed in 7.9292 seconds
[2019.05.08-05.13.28:423][  1]LogCollectionManager: Rebuilt the object cache for 0 collections in 0.000000 seconds (found 0 objects)
[2019.05.08-05.13.28:423][  1]LogCollectionManager: Fixed up redirectors for 0 collections in 0.000055 seconds (updated 0 objects)
[2019.05.08-05.13.29:744][  5]LogSlate: Took 0.000505 seconds to synchronously load lazily loaded font '../../../Engine/Content/Slate/Fonts/Roboto-Light.ttf' (167K)
[2019.05.08-05.15.51:889][328]LogSlate: FSceneViewport::OnFocusLost() reason 0
[2019.05.08-05.15.51:965][337]LogTemp: Repeating last play command: Selected Viewport
[2019.05.08-05.15.51:984][337]LogBlueprintUserMessages: Early PlayInEditor Detection: Level '/Game/TopDownBP/Maps/TopDownExampleMap.TopDownExampleMap:PersistentLevel' has LevelScriptBlueprint '/Game/TopDownBP/Maps/TopDownExampleMap.TopDownExampleMap:PersistentLevel.TopDownExampleMap' with GeneratedClass '/Game/TopDownBP/Maps/TopDownExampleMap.TopDownExampleMap_C' with ClassGeneratedBy '/Game/TopDownBP/Maps/TopDownExampleMap.TopDownExampleMap:PersistentLevel.TopDownExampleMap'
[2019.05.08-05.15.51:984][337]LogPlayLevel: PlayLevel: No blueprints needed recompiling
[2019.05.08-05.15.51:985][337]PIE: New page: PIE session: TopDownExampleMap (9 May 2019 1:15:51 am)
[2019.05.08-05.15.51:998][337]LogPlayLevel: Creating play world package: /Game/TopDownBP/Maps/UEDPIE_0_TopDownExampleMap
[2019.05.08-05.15.52:016][337]LogPlayLevel: PIE: StaticDuplicateObject took: (0.018202s)
[2019.05.08-05.15.52:017][337]LogAIModule: Creating AISystem for world TopDownExampleMap
[2019.05.08-05.15.52:017][337]LogPlayLevel: PIE: World Init took: (0.000616s)
[2019.05.08-05.15.52:017][337]LogPlayLevel: PIE: Created PIE world by copying editor world from /Game/TopDownBP/Maps/TopDownExampleMap.TopDownExampleMap to /Game/TopDownBP/Maps/UEDPIE_0_TopDownExampleMap.TopDownExampleMap (0.019311s)
[2019.05.08-05.15.52:059][337]LogInit: XAudio2 using 'Speakers (2- Realtek High Definition Audio)' : 2 channels at 48 kHz using 32 bits per sample (channel mask 0x3)
[2019.05.08-05.15.52:073][337]LogInit: FAudioDevice initialized.
[2019.05.08-05.15.52:114][337]LogLoad: Game class is 'SweetDreamMode_C'
[2019.05.08-05.15.52:117][337]LogWorld: Bringing World /Game/TopDownBP/Maps/UEDPIE_0_TopDownExampleMap.TopDownExampleMap up for play (max tick rate 0) at 2019.05.08-15.15.52
[2019.05.08-05.15.52:121][337]LogWorld: Bringing up level for play took: 0.004705
[2019.05.08-05.15.52:157][337]LogContentBrowser: Native class hierarchy updated for 'MovieSceneCapture' in 0.0008 seconds. Added 20 classes and 0 folders.
[2019.05.08-05.15.52:162][337]PIE: Play in editor start time for /Game/TopDownBP/Maps/UEDPIE_0_TopDownExampleMap -0.65
[2019.05.08-05.15.52:162][337]LogBlueprintUserMessages: Late PlayInEditor Detection: Level '/Game/TopDownBP/Maps/TopDownExampleMap.TopDownExampleMap:PersistentLevel' has LevelScriptBlueprint '/Game/TopDownBP/Maps/TopDownExampleMap.TopDownExampleMap:PersistentLevel.TopDownExampleMap' with GeneratedClass '/Game/TopDownBP/Maps/TopDownExampleMap.TopDownExampleMap_C' with ClassGeneratedBy '/Game/TopDownBP/Maps/TopDownExampleMap.TopDownExampleMap:PersistentLevel.TopDownExampleMap'
[2019.05.08-05.15.55:239][696]LogBlueprintUserMessages: Early EndPlayMap Detection: Level '/Game/TopDownBP/Maps/TopDownExampleMap.TopDownExampleMap:PersistentLevel' has LevelScriptBlueprint '/Game/TopDownBP/Maps/TopDownExampleMap.TopDownExampleMap:PersistentLevel.TopDownExampleMap' with GeneratedClass '/Game/TopDownBP/Maps/TopDownExampleMap.TopDownExampleMap_C' with ClassGeneratedBy '/Game/TopDownBP/Maps/TopDownExampleMap.TopDownExampleMap:PersistentLevel.TopDownExampleMap'
[2019.05.08-05.15.55:239][696]LogSlate: Updating window title bar state: overlay mode, drag disabled, window buttons hidden, title bar hidden
[2019.05.08-05.15.55:277][696]LogPlayLevel: Display: Shutting down PIE online subsystems
[2019.05.08-05.15.55:277][696]LogBlueprintUserMessages: Late EndPlayMap Detection: Level '/Game/TopDownBP/Maps/TopDownExampleMap.TopDownExampleMap:PersistentLevel' has LevelScriptBlueprint '/Game/TopDownBP/Maps/TopDownExampleMap.TopDownExampleMap:PersistentLevel.TopDownExampleMap' with GeneratedClass '/Game/TopDownBP/Maps/TopDownExampleMap.TopDownExampleMap_C' with ClassGeneratedBy '/Game/TopDownBP/Maps/TopDownExampleMap.TopDownExampleMap:PersistentLevel.TopDownExampleMap'
[2019.05.08-05.15.55:330][696]LogSlate: Updating window title bar state: overlay mode, drag disabled, window buttons hidden, title bar hidden
[2019.05.08-05.15.55:348][697]LogPlayLevel: Display: Destroying online subsystem :Context_1
[2019.05.08-05.15.57:813][983]LogSlate: FSceneViewport::OnFocusLost() reason 0
[2019.05.08-05.15.57:957][998]LogAssetEditorManager: Opening Asset editor for Blueprint /Game/TopDownBP/Blueprints/Items.Items
[2019.05.08-05.15.58:411][998]LogContentBrowser: Native class hierarchy updated for 'BlueprintGraph' in 0.0006 seconds. Added 117 classes and 0 folders.
[2019.05.08-05.15.59:534][998]LogSlate: Took 0.009014 seconds to synchronously load lazily loaded font '../../../Engine/Content/Slate/Fonts/Roboto-BoldCondensed.ttf' (158K)
[2019.05.08-05.15.59:765][999]LogSlate: Took 0.009174 seconds to synchronously load lazily loaded font '../../../Engine/Content/Slate/Fonts/Roboto-Italic.ttf' (157K)
[2019.05.08-05.16.01:253][127]LogSlate: Window 'Items' being destroyed
[2019.05.08-05.16.09:058][990]BlueprintLog: New page: Compile Items
[2019.05.08-05.16.10:103][ 86]LogTemp: Repeating last play command: Selected Viewport
[2019.05.08-05.16.10:124][ 86]LogBlueprintUserMessages: Early PlayInEditor Detection: Level '/Game/TopDownBP/Maps/TopDownExampleMap.TopDownExampleMap:PersistentLevel' has LevelScriptBlueprint '/Game/TopDownBP/Maps/TopDownExampleMap.TopDownExampleMap:PersistentLevel.TopDownExampleMap' with GeneratedClass '/Game/TopDownBP/Maps/TopDownExampleMap.TopDownExampleMap_C' with ClassGeneratedBy '/Game/TopDownBP/Maps/TopDownExampleMap.TopDownExampleMap:PersistentLevel.TopDownExampleMap'
[2019.05.08-05.16.10:124][ 86]LogPlayLevel: PlayLevel: No blueprints needed recompiling
[2019.05.08-05.16.10:124][ 86]PIE: New page: PIE session: TopDownExampleMap (9 May 2019 1:16:10 am)
[2019.05.08-05.16.10:124][ 86]LogPlayLevel: Creating play world package: /Game/TopDownBP/Maps/UEDPIE_0_TopDownExampleMap
[2019.05.08-05.16.10:134][ 86]LogPlayLevel: PIE: StaticDuplicateObject took: (0.010219s)
[2019.05.08-05.16.10:135][ 86]LogAIModule: Creating AISystem for world TopDownExampleMap
[2019.05.08-05.16.10:135][ 86]LogPlayLevel: PIE: World Init took: (0.000629s)
[2019.05.08-05.16.10:135][ 86]LogPlayLevel: PIE: Created PIE world by copying editor world from /Game/TopDownBP/Maps/TopDownExampleMap.TopDownExampleMap to /Game/TopDownBP/Maps/UEDPIE_0_TopDownExampleMap.TopDownExampleMap (0.010981s)
[2019.05.08-05.16.10:171][ 86]LogInit: XAudio2 using 'Speakers (2- Realtek High Definition Audio)' : 2 channels at 48 kHz using 32 bits per sample (channel mask 0x3)
[2019.05.08-05.16.10:189][ 86]LogInit: FAudioDevice initialized.
[2019.05.08-05.16.10:193][ 86]LogSlate: Updating window title bar state: overlay mode, drag disabled, window buttons hidden, title bar hidden
[2019.05.08-05.16.10:222][ 86]LogLoad: Game class is 'SweetDreamMode_C'
[2019.05.08-05.16.10:226][ 86]LogWorld: Bringing World /Game/TopDownBP/Maps/UEDPIE_0_TopDownExampleMap.TopDownExampleMap up for play (max tick rate 0) at 2019.05.08-15.16.10
[2019.05.08-05.16.10:226][ 86]LogWorld: Bringing up level for play took: 0.002709
[2019.05.08-05.16.10:243][ 86]PIE: Play in editor start time for /Game/TopDownBP/Maps/UEDPIE_0_TopDownExampleMap -0.568
[2019.05.08-05.16.10:244][ 86]LogBlueprintUserMessages: Late PlayInEditor Detection: Level '/Game/TopDownBP/Maps/TopDownExampleMap.TopDownExampleMap:PersistentLevel' has LevelScriptBlueprint '/Game/TopDownBP/Maps/TopDownExampleMap.TopDownExampleMap:PersistentLevel.TopDownExampleMap' with GeneratedClass '/Game/TopDownBP/Maps/TopDownExampleMap.TopDownExampleMap_C' with ClassGeneratedBy '/Game/TopDownBP/Maps/TopDownExampleMap.TopDownExampleMap:PersistentLevel.TopDownExampleMap'
[2019.05.08-05.16.10:317][ 86]LogRenderer: Reallocating scene render targets to support 1292x756 Format 10 NumSamples 1 (Frame:1).
[2019.05.08-05.16.12:065][289]LogBlueprintDebug: Warning: Hit breakpoint on node 'K2Node_IfThenElse', from offset 88
[2019.05.08-05.16.12:065][289]LogBlueprintDebug: 
Script call stack:
	Function /Game/TopDownBP/Blueprints/Items.Items_C:BndEvt__Sphere_K2Node_ComponentBoundEvent_0_ComponentBeginOverlapSignature__DelegateSignature
	Function /Game/TopDownBP/Blueprints/Items.Items_C:ExecuteUbergraph_Items

[2019.05.08-05.16.12:066][289]LogSlate: FSceneViewport::OnFocusLost() reason 2
[2019.05.08-05.16.17:474][289]LogSlate: Took 0.008276 seconds to synchronously load lazily loaded font '../../../Engine/Content/Slate/Fonts/DroidSansMono.ttf' (77K)
[2019.05.08-05.16.17:848][289]LogBlueprintUserMessages: Early EndPlayMap Detection: Level '/Game/TopDownBP/Maps/TopDownExampleMap.TopDownExampleMap:PersistentLevel' has LevelScriptBlueprint '/Game/TopDownBP/Maps/TopDownExampleMap.TopDownExampleMap:PersistentLevel.TopDownExampleMap' with GeneratedClass '/Game/TopDownBP/Maps/TopDownExampleMap.TopDownExampleMap_C' with ClassGeneratedBy '/Game/TopDownBP/Maps/TopDownExampleMap.TopDownExampleMap:PersistentLevel.TopDownExampleMap'
[2019.05.08-05.16.17:848][289]LogSlate: Updating window title bar state: overlay mode, drag disabled, window buttons hidden, title bar hidden
[2019.05.08-05.16.17:872][289]LogSlate: Window 'SweetDreamOvertime Game Preview Standalone (64-bit/PCD3D_SM5)' being destroyed
[2019.05.08-05.16.17:909][289]LogPlayLevel: Display: Shutting down PIE online subsystems
[2019.05.08-05.16.17:910][289]LogBlueprintUserMessages: Late EndPlayMap Detection: Level '/Game/TopDownBP/Maps/TopDownExampleMap.TopDownExampleMap:PersistentLevel' has LevelScriptBlueprint '/Game/TopDownBP/Maps/TopDownExampleMap.TopDownExampleMap:PersistentLevel.TopDownExampleMap' with GeneratedClass '/Game/TopDownBP/Maps/TopDownExampleMap.TopDownExampleMap_C' with ClassGeneratedBy '/Game/TopDownBP/Maps/TopDownExampleMap.TopDownExampleMap:PersistentLevel.TopDownExampleMap'
[2019.05.08-05.16.18:007][290]LogPlayLevel: Display: Destroying online subsystem :Context_3
[2019.05.08-05.16.58:080][993]Cmd: OBJ SAVEPACKAGE PACKAGE="/Game/TopDownBP/Blueprints/Items" FILE="../../../../../../Users/gteng/SweetDreamOvertime/SweetDreamOvertime/Content/TopDownBP/Blueprints/Items.uasset" SILENT=true
[2019.05.08-05.16.58:167][993]LogSavePackage: Moving '../../../../../../Users/gteng/SweetDreamOvertime/SweetDreamOvertime/Saved/Items1CBD62674A2845F7185711B0C0FA5EA6.tmp' to '../../../../../../Users/gteng/SweetDreamOvertime/SweetDreamOvertime/Content/TopDownBP/Blueprints/Items.uasset'
[2019.05.08-05.16.58:534][ 31]BlueprintLog: New page: Compile Items
[2019.05.08-05.16.59:109][ 76]Cmd: OBJ SAVEPACKAGE PACKAGE="/Game/TopDownBP/Blueprints/Items" FILE="../../../../../../Users/gteng/SweetDreamOvertime/SweetDreamOvertime/Content/TopDownBP/Blueprints/Items.uasset" SILENT=true
[2019.05.08-05.16.59:146][ 76]LogSavePackage: Moving '../../../../../../Users/gteng/SweetDreamOvertime/SweetDreamOvertime/Saved/Items791AF45249BCEF577429B3BA46029EFE.tmp' to '../../../../../../Users/gteng/SweetDreamOvertime/SweetDreamOvertime/Content/TopDownBP/Blueprints/Items.uasset'
[2019.05.08-05.16.59:929][165]LogTemp: Repeating last play command: Selected Viewport
[2019.05.08-05.16.59:950][165]LogBlueprintUserMessages: Early PlayInEditor Detection: Level '/Game/TopDownBP/Maps/TopDownExampleMap.TopDownExampleMap:PersistentLevel' has LevelScriptBlueprint '/Game/TopDownBP/Maps/TopDownExampleMap.TopDownExampleMap:PersistentLevel.TopDownExampleMap' with GeneratedClass '/Game/TopDownBP/Maps/TopDownExampleMap.TopDownExampleMap_C' with ClassGeneratedBy '/Game/TopDownBP/Maps/TopDownExampleMap.TopDownExampleMap:PersistentLevel.TopDownExampleMap'
[2019.05.08-05.16.59:950][165]LogPlayLevel: PlayLevel: No blueprints needed recompiling
[2019.05.08-05.16.59:950][165]PIE: New page: PIE session: TopDownExampleMap (9 May 2019 1:16:59 am)
[2019.05.08-05.16.59:951][165]LogPlayLevel: Creating play world package: /Game/TopDownBP/Maps/UEDPIE_0_TopDownExampleMap
[2019.05.08-05.16.59:962][165]LogPlayLevel: PIE: StaticDuplicateObject took: (0.011163s)
[2019.05.08-05.16.59:962][165]LogAIModule: Creating AISystem for world TopDownExampleMap
[2019.05.08-05.16.59:962][165]LogPlayLevel: PIE: World Init took: (0.000637s)
[2019.05.08-05.16.59:962][165]LogPlayLevel: PIE: Created PIE world by copying editor world from /Game/TopDownBP/Maps/TopDownExampleMap.TopDownExampleMap to /Game/TopDownBP/Maps/UEDPIE_0_TopDownExampleMap.TopDownExampleMap (0.011942s)
[2019.05.08-05.17.00:002][165]LogInit: XAudio2 using 'Speakers (2- Realtek High Definition Audio)' : 2 channels at 48 kHz using 32 bits per sample (channel mask 0x3)
[2019.05.08-05.17.00:014][165]LogInit: FAudioDevice initialized.
[2019.05.08-05.17.00:018][165]LogSlate: Updating window title bar state: overlay mode, drag disabled, window buttons hidden, title bar hidden
[2019.05.08-05.17.00:050][165]LogLoad: Game class is 'SweetDreamMode_C'
[2019.05.08-05.17.00:053][165]LogWorld: Bringing World /Game/TopDownBP/Maps/UEDPIE_0_TopDownExampleMap.TopDownExampleMap up for play (max tick rate 0) at 2019.05.08-15.17.00
[2019.05.08-05.17.00:054][165]LogWorld: Bringing up level for play took: 0.002760
[2019.05.08-05.17.00:071][165]PIE: Play in editor start time for /Game/TopDownBP/Maps/UEDPIE_0_TopDownExampleMap -0.74
[2019.05.08-05.17.00:072][165]LogBlueprintUserMessages: Late PlayInEditor Detection: Level '/Game/TopDownBP/Maps/TopDownExampleMap.TopDownExampleMap:PersistentLevel' has LevelScriptBlueprint '/Game/TopDownBP/Maps/TopDownExampleMap.TopDownExampleMap:PersistentLevel.TopDownExampleMap' with GeneratedClass '/Game/TopDownBP/Maps/TopDownExampleMap.TopDownExampleMap_C' with ClassGeneratedBy '/Game/TopDownBP/Maps/TopDownExampleMap.TopDownExampleMap:PersistentLevel.TopDownExampleMap'
[2019.05.08-05.17.02:649][463]LogBlueprintUserMessages: Early EndPlayMap Detection: Level '/Game/TopDownBP/Maps/TopDownExampleMap.TopDownExampleMap:PersistentLevel' has LevelScriptBlueprint '/Game/TopDownBP/Maps/TopDownExampleMap.TopDownExampleMap:PersistentLevel.TopDownExampleMap' with GeneratedClass '/Game/TopDownBP/Maps/TopDownExampleMap.TopDownExampleMap_C' with ClassGeneratedBy '/Game/TopDownBP/Maps/TopDownExampleMap.TopDownExampleMap:PersistentLevel.TopDownExampleMap'
[2019.05.08-05.17.02:649][463]LogSlate: Updating window title bar state: overlay mode, drag disabled, window buttons hidden, title bar hidden
[2019.05.08-05.17.02:674][463]LogSlate: Window 'SweetDreamOvertime Game Preview Standalone (64-bit/PCD3D_SM5)' being destroyed
[2019.05.08-05.17.02:709][463]LogPlayLevel: Display: Shutting down PIE online subsystems
[2019.05.08-05.17.02:710][463]LogBlueprintUserMessages: Late EndPlayMap Detection: Level '/Game/TopDownBP/Maps/TopDownExampleMap.TopDownExampleMap:PersistentLevel' has LevelScriptBlueprint '/Game/TopDownBP/Maps/TopDownExampleMap.TopDownExampleMap:PersistentLevel.TopDownExampleMap' with GeneratedClass '/Game/TopDownBP/Maps/TopDownExampleMap.TopDownExampleMap_C' with ClassGeneratedBy '/Game/TopDownBP/Maps/TopDownExampleMap.TopDownExampleMap:PersistentLevel.TopDownExampleMap'
[2019.05.08-05.17.02:796][464]LogPlayLevel: Display: Destroying online subsystem :Context_4
[2019.05.08-05.17.10:373][314]LogAssetEditorManager: Opening Asset editor for Blueprint /Game/TopDownBP/Blueprints/TopDownGameMode.TopDownGameMode
[2019.05.08-05.17.12:735][532]LogAssetEditorManager: Opening Asset editor for Blueprint /Game/TopDownBP/Blueprints/TopDownGameMode.TopDownGameMode
[2019.05.08-05.17.14:601][703]LogRenderer: Reallocating scene render targets to support 1292x900 Format 10 NumSamples 1 (Frame:1).
[2019.05.08-05.17.21:335][473]LogAssetEditorManager: Opening Asset editor for WidgetBlueprint /Game/TopDownBP/GameMode/SweetDreamDisplay.SweetDreamDisplay
[2019.05.08-05.17.57:883][790]LogSavePackage: Moving '../../../../../../Users/gteng/SweetDreamOvertime/SweetDreamOvertime/Saved/Dream_Clouds4987A42B4D2C070DA634FF814340B8C8.tmp' to '../../../../../../Users/gteng/SweetDreamOvertime/SweetDreamOvertime/Content/TopDownBP/Texture/Dream/Dream_Clouds.uasset'
[2019.05.08-05.17.57:976][790]LogSavePackage: Moving '../../../../../../Users/gteng/SweetDreamOvertime/SweetDreamOvertime/Saved/Dream_Clouds11FF323574E040654A6CD5DA0F67BF11C.tmp' to '../../../../../../Users/gteng/SweetDreamOvertime/SweetDreamOvertime/Content/TopDownBP/Texture/Dream/Dream_Clouds1.uasset'
[2019.05.08-05.17.58:082][790]LogSavePackage: Moving '../../../../../../Users/gteng/SweetDreamOvertime/SweetDreamOvertime/Saved/Dream_Clouds2EFD90BB34D711B79DCB6C1911E8DC081.tmp' to '../../../../../../Users/gteng/SweetDreamOvertime/SweetDreamOvertime/Content/TopDownBP/Texture/Dream/Dream_Clouds2.uasset'
[2019.05.08-05.17.58:190][790]LogSavePackage: Moving '../../../../../../Users/gteng/SweetDreamOvertime/SweetDreamOvertime/Saved/Dream_Clouds302C19CAE4921388656B898A29B61A0C1.tmp' to '../../../../../../Users/gteng/SweetDreamOvertime/SweetDreamOvertime/Content/TopDownBP/Texture/Dream/Dream_Clouds3.uasset'
[2019.05.08-05.17.58:276][790]LogSavePackage: Moving '../../../../../../Users/gteng/SweetDreamOvertime/SweetDreamOvertime/Saved/Dream_Clouds45C793F4343D468D4767DA4AF7BEDBC08.tmp' to '../../../../../../Users/gteng/SweetDreamOvertime/SweetDreamOvertime/Content/TopDownBP/Texture/Dream/Dream_Clouds4.uasset'
[2019.05.08-05.17.58:382][790]LogSavePackage: Moving '../../../../../../Users/gteng/SweetDreamOvertime/SweetDreamOvertime/Saved/Dream_Clouds5B073F7904C208F78A15E8C9F43838395.tmp' to '../../../../../../Users/gteng/SweetDreamOvertime/SweetDreamOvertime/Content/TopDownBP/Texture/Dream/Dream_Clouds5.uasset'
[2019.05.08-05.17.58:489][790]LogSavePackage: Moving '../../../../../../Users/gteng/SweetDreamOvertime/SweetDreamOvertime/Saved/Dream_Clouds6D9AF97C748D7F1142B3846AD538AE2D2.tmp' to '../../../../../../Users/gteng/SweetDreamOvertime/SweetDreamOvertime/Content/TopDownBP/Texture/Dream/Dream_Clouds6.uasset'
[2019.05.08-05.17.58:602][790]LogSavePackage: Moving '../../../../../../Users/gteng/SweetDreamOvertime/SweetDreamOvertime/Saved/Dream_Clouds794ED423D44A18B1928C9EE8C8577F1AA.tmp' to '../../../../../../Users/gteng/SweetDreamOvertime/SweetDreamOvertime/Content/TopDownBP/Texture/Dream/Dream_Clouds7.uasset'
[2019.05.08-05.17.58:708][790]LogSavePackage: Moving '../../../../../../Users/gteng/SweetDreamOvertime/SweetDreamOvertime/Saved/Dream_Clouds81AB31E2345C9C2452D5A90AD01203E86.tmp' to '../../../../../../Users/gteng/SweetDreamOvertime/SweetDreamOvertime/Content/TopDownBP/Texture/Dream/Dream_Clouds8.uasset'
[2019.05.08-05.17.58:823][790]LogSavePackage: Moving '../../../../../../Users/gteng/SweetDreamOvertime/SweetDreamOvertime/Saved/Dream_Clouds_Sprite_06BA72E2D4668C103DD8A168CC77CEF45.tmp' to '../../../../../../Users/gteng/SweetDreamOvertime/SweetDreamOvertime/Content/TopDownBP/Texture/Dream/Dream_Clouds_Sprite_0.uasset'
[2019.05.08-05.17.58:941][790]LogSavePackage: Moving '../../../../../../Users/gteng/SweetDreamOvertime/SweetDreamOvertime/Saved/Dream_Clouds_Sprite_1F0FE3AF844855FCD752B778E14789613.tmp' to '../../../../../../Users/gteng/SweetDreamOvertime/SweetDreamOvertime/Content/TopDownBP/Texture/Dream/Dream_Clouds_Sprite_1.uasset'
[2019.05.08-05.17.59:039][790]LogSavePackage: Moving '../../../../../../Users/gteng/SweetDreamOvertime/SweetDreamOvertime/Saved/Dream_Clouds_Sprite_2A3AE0E9C420942FB694CD4811F3E3BA5.tmp' to '../../../../../../Users/gteng/SweetDreamOvertime/SweetDreamOvertime/Content/TopDownBP/Texture/Dream/Dream_Clouds_Sprite_2.uasset'
[2019.05.08-05.17.59:111][790]LogSavePackage: Moving '../../../../../../Users/gteng/SweetDreamOvertime/SweetDreamOvertime/Saved/Dream_Clouds_Sprite_3468F74CB4DFCBAD2DC43A89F7D5E3570.tmp' to '../../../../../../Users/gteng/SweetDreamOvertime/SweetDreamOvertime/Content/TopDownBP/Texture/Dream/Dream_Clouds_Sprite_3.uasset'
[2019.05.08-05.17.59:197][790]LogSavePackage: Moving '../../../../../../Users/gteng/SweetDreamOvertime/SweetDreamOvertime/Saved/Dream_Clouds_Sprite_4A81F70554713CB1171BBC490E7D527A3.tmp' to '../../../../../../Users/gteng/SweetDreamOvertime/SweetDreamOvertime/Content/TopDownBP/Texture/Dream/Dream_Clouds_Sprite_4.uasset'
[2019.05.08-05.17.59:316][790]LogSavePackage: Moving '../../../../../../Users/gteng/SweetDreamOvertime/SweetDreamOvertime/Saved/Dream_Clouds_Sprite_54DF61B684AAD42A5368A2BA57135776F.tmp' to '../../../../../../Users/gteng/SweetDreamOvertime/SweetDreamOvertime/Content/TopDownBP/Texture/Dream/Dream_Clouds_Sprite_5.uasset'
[2019.05.08-05.17.59:414][790]LogSavePackage: Moving '../../../../../../Users/gteng/SweetDreamOvertime/SweetDreamOvertime/Saved/Dream_Clouds_Sprite_664C6CF2441BB57C3B8643FA40C81EE0C.tmp' to '../../../../../../Users/gteng/SweetDreamOvertime/SweetDreamOvertime/Content/TopDownBP/Texture/Dream/Dream_Clouds_Sprite_6.uasset'
[2019.05.08-05.17.59:494][790]LogSavePackage: Moving '../../../../../../Users/gteng/SweetDreamOvertime/SweetDreamOvertime/Saved/Dream_Clouds_Sprite_7DF1444DB4616543F5F8201AE0705325A.tmp' to '../../../../../../Users/gteng/SweetDreamOvertime/SweetDreamOvertime/Content/TopDownBP/Texture/Dream/Dream_Clouds_Sprite_7.uasset'
[2019.05.08-05.18.02:180][790]Cmd: OBJ SAVEPACKAGE PACKAGE="/Game/TopDownBP/Blueprints/Items" FILE="../../../../../../Users/gteng/SweetDreamOvertime/SweetDreamOvertime/Content/TopDownBP/Blueprints/Items.uasset" SILENT=true
[2019.05.08-05.18.02:216][790]LogSavePackage: Moving '../../../../../../Users/gteng/SweetDreamOvertime/SweetDreamOvertime/Saved/Items974EC42040C13485EFC6198DF37FBE67.tmp' to '../../../../../../Users/gteng/SweetDreamOvertime/SweetDreamOvertime/Content/TopDownBP/Blueprints/Items.uasset'
[2019.05.08-05.23.37:201][441]LogSavePackage: Moving '../../../../../../Users/gteng/SweetDreamOvertime/SweetDreamOvertime/Saved/TopDownExampleMap_Auto150E835EB4309524747E05FBFEB941F96.tmp' to '../../../../../../Users/gteng/SweetDreamOvertime/SweetDreamOvertime/Saved/Autosaves/Game/TopDownBP/Maps/TopDownExampleMap_Auto1.umap'
[2019.05.08-05.23.37:255][441]LogFileHelpers: Editor autosave (incl. sublevels) for '/Game/TopDownBP/Maps/TopDownExampleMap' took 0.653
[2019.05.08-05.23.37:255][441]LogFileHelpers: Editor autosave (incl. sublevels) for all levels took 0.653
[2019.05.08-05.33.43:987][883]LogFactory: FactoryCreateFile: Texture with ReimportTextureFactory (0 0 //gteng.homes.deakin.edu.au/my-home/UserData/Desktop/254/SweetDreamOvertime/Machines_1.png)
[2019.05.08-05.33.43:997][883]LogTexture: Display: Building textures: Machines_1 (BGRA8, 42X54)
[2019.05.08-05.33.44:041][883]LogFactory: FactoryCreateFile: Texture with ReimportTextureFactory (0 0 //gteng.homes.deakin.edu.au/my-home/UserData/Desktop/254/SweetDreamOvertime/Machines_2.png)
[2019.05.08-05.33.44:045][883]LogTexture: Display: Building textures: Machines_2 (BGRA8, 42X54)
[2019.05.08-05.33.44:077][883]LogFactory: FactoryCreateFile: Texture with ReimportTextureFactory (0 0 //gteng.homes.deakin.edu.au/my-home/UserData/Desktop/254/SweetDreamOvertime/Machines_List1.png)
[2019.05.08-05.33.44:080][883]LogTexture: Display: Building textures: Machines_List1 (BGRA8, 174X54)
[2019.05.08-05.33.44:096][883]LogFactory: FactoryCreateFile: Texture with ReimportTextureFactory (0 0 //gteng.homes.deakin.edu.au/my-home/UserData/Desktop/254/SweetDreamOvertime/Machines_List2.png)
[2019.05.08-05.33.44:099][883]LogTexture: Display: Building textures: Machines_List2 (BGRA8, 263X45)
[2019.05.08-05.33.49:508][151]LogFactory: FactoryCreateFile: Texture with ReimportTextureFactory (0 0 //gteng.homes.deakin.edu.au/my-home/UserData/Desktop/254/SweetDreamOvertime/Table.png)
[2019.05.08-05.33.49:515][151]LogTexture: Display: Building textures: Table (BGRA8, 126X138)
[2019.05.08-05.33.49:641][152]LogFileHelpers: Editor autosave (incl. sublevels) for '/Game/TopDownBP/Maps/TopDownExampleMap' took 0.032
[2019.05.08-05.33.49:643][152]OBJ SavePackage: Generating thumbnails for [1] asset(s) in package [/Game/TopDownBP/Texture/Machines/Machines_1] ([1] browsable assets)...
[2019.05.08-05.33.49:644][152]OBJ SavePackage:     Rendered thumbnail for [Texture2D /Game/TopDownBP/Texture/Machines/Machines_1.Machines_1]
[2019.05.08-05.33.49:644][152]OBJ SavePackage: Finished generating thumbnails for package [/Game/TopDownBP/Texture/Machines/Machines_1]
[2019.05.08-05.33.49:661][152]LogSavePackage: Moving '../../../../../../Users/gteng/SweetDreamOvertime/SweetDreamOvertime/Saved/Machines_1_Auto2689DC88E44B3FE2F3F38A58E8C335282.tmp' to '../../../../../../Users/gteng/SweetDreamOvertime/SweetDreamOvertime/Saved/Autosaves/Game/TopDownBP/Texture/Machines/Machines_1_Auto2.uasset'
[2019.05.08-05.33.49:671][152]OBJ SavePackage: Generating thumbnails for [1] asset(s) in package [/Game/TopDownBP/Texture/Machines/Machines_2] ([1] browsable assets)...
[2019.05.08-05.33.49:673][152]OBJ SavePackage:     Rendered thumbnail for [Texture2D /Game/TopDownBP/Texture/Machines/Machines_2.Machines_2]
[2019.05.08-05.33.49:673][152]OBJ SavePackage: Finished generating thumbnails for package [/Game/TopDownBP/Texture/Machines/Machines_2]
[2019.05.08-05.33.49:689][152]LogSavePackage: Moving '../../../../../../Users/gteng/SweetDreamOvertime/SweetDreamOvertime/Saved/Machines_2_Auto2D3B44B594ECC67AED166989B8406E7C1.tmp' to '../../../../../../Users/gteng/SweetDreamOvertime/SweetDreamOvertime/Saved/Autosaves/Game/TopDownBP/Texture/Machines/Machines_2_Auto2.uasset'
[2019.05.08-05.33.49:701][152]OBJ SavePackage: Generating thumbnails for [1] asset(s) in package [/Game/TopDownBP/Texture/Machines/Machines_List1] ([1] browsable assets)...
[2019.05.08-05.33.49:703][152]OBJ SavePackage:     Rendered thumbnail for [Texture2D /Game/TopDownBP/Texture/Machines/Machines_List1.Machines_List1]
[2019.05.08-05.33.49:703][152]OBJ SavePackage: Finished generating thumbnails for package [/Game/TopDownBP/Texture/Machines/Machines_List1]
[2019.05.08-05.33.49:724][152]LogSavePackage: Moving '../../../../../../Users/gteng/SweetDreamOvertime/SweetDreamOvertime/Saved/Machines_List1_Auto2D1C3E341447B4B20044C9791D4EC4897.tmp' to '../../../../../../Users/gteng/SweetDreamOvertime/SweetDreamOvertime/Saved/Autosaves/Game/TopDownBP/Texture/Machines/Machines_List1_Auto2.uasset'
[2019.05.08-05.33.49:738][152]OBJ SavePackage: Generating thumbnails for [1] asset(s) in package [/Game/TopDownBP/Texture/Machines/Machines_List2] ([1] browsable assets)...
[2019.05.08-05.33.49:740][152]OBJ SavePackage:     Rendered thumbnail for [Texture2D /Game/TopDownBP/Texture/Machines/Machines_List2.Machines_List2]
[2019.05.08-05.33.49:740][152]OBJ SavePackage: Finished generating thumbnails for package [/Game/TopDownBP/Texture/Machines/Machines_List2]
[2019.05.08-05.33.49:762][152]LogSavePackage: Moving '../../../../../../Users/gteng/SweetDreamOvertime/SweetDreamOvertime/Saved/Machines_List2_Auto2F86BCB7A46DFA4A3680449AD3BBAB88D.tmp' to '../../../../../../Users/gteng/SweetDreamOvertime/SweetDreamOvertime/Saved/Autosaves/Game/TopDownBP/Texture/Machines/Machines_List2_Auto2.uasset'
[2019.05.08-05.33.49:774][152]OBJ SavePackage: Generating thumbnails for [1] asset(s) in package [/Game/TopDownBP/Texture/Machines/Table] ([1] browsable assets)...
[2019.05.08-05.33.49:778][152]OBJ SavePackage:     Rendered thumbnail for [Texture2D /Game/TopDownBP/Texture/Machines/Table.Table]
[2019.05.08-05.33.49:778][152]OBJ SavePackage: Finished generating thumbnails for package [/Game/TopDownBP/Texture/Machines/Table]
[2019.05.08-05.33.49:805][152]LogSavePackage: Moving '../../../../../../Users/gteng/SweetDreamOvertime/SweetDreamOvertime/Saved/Table_Auto25CFB99C1463E5395A9AD0480548BCED9.tmp' to '../../../../../../Users/gteng/SweetDreamOvertime/SweetDreamOvertime/Saved/Autosaves/Game/TopDownBP/Texture/Machines/Table_Auto2.uasset'
[2019.05.08-05.33.49:816][152]LogFileHelpers: Auto-saving content packages took 0.174
[2019.05.08-05.34.13:245][443]LogFactory: FactoryCreateFile: Texture with ReimportTextureFactory (0 0 //gteng.homes.deakin.edu.au/my-home/UserData/Desktop/254/SweetDreamOvertime/Dream_Ingredients.png)
[2019.05.08-05.34.13:252][443]LogTexture: Display: Building textures: Dream_Ingredients (AutoDXT, 52X52)
[2019.05.08-05.34.42:367][564]LogTexture: Display: Building textures: Dream_Ingredients (BGRA8, 52X52)
[2019.05.08-05.34.49:940][370]LogSlate: Window 'Extract sprites' being destroyed
[2019.05.08-05.34.56:058][ 23]LogAssetEditorManager: Opening Asset editor for PaperFlipbook /Game/TopDownBP/Texture/Machines/Dream_Ingredients1.Dream_Ingredients1
[2019.05.08-05.34.56:210][ 24]LogRenderer: Reallocating scene render targets to support 1528x900 Format 10 NumSamples 1 (Frame:1).
[2019.05.08-05.35.26:076][297]LogSlate: Window 'Delete Assets' being destroyed
[2019.05.08-05.35.29:394][516]LogSlate: Window 'Delete Assets' being destroyed
[2019.05.08-05.35.31:176][596]LogSlate: Window 'Delete Assets' being destroyed
[2019.05.08-05.35.33:015][683]LogSlate: Window 'Delete Assets' being destroyed
[2019.05.08-05.35.34:571][762]LogSlate: Window 'Delete Assets' being destroyed
[2019.05.08-05.35.36:108][841]LogSlate: Window 'Delete Assets' being destroyed
[2019.05.08-05.35.37:921][916]LogSlate: Window 'Delete Assets' being destroyed
[2019.05.08-05.35.39:577][ 11]LogSlate: Window 'Delete Assets' being destroyed
[2019.05.08-05.35.52:123][423]LogAssetEditorManager: Opening Asset editor for PaperSprite /Game/TopDownBP/Texture/Character/Sandman_walk_cycle__side__Sprite_1.Sandman_walk_cycle__side__Sprite_1
[2019.05.08-05.35.52:351][424]LogRenderer: Reallocating scene render targets to support 1528x920 Format 10 NumSamples 1 (Frame:1).
[2019.05.08-05.35.57:419][992]LogAssetEditorManager: Opening Asset editor for Texture2D /Game/TopDownBP/Texture/Character/Sandman_walk_cycle__side_.Sandman_walk_cycle__side_
[2019.05.08-05.35.57:444][992]LogContentBrowser: Native class hierarchy updated for 'TextureEditor' in 0.0004 seconds. Added 1 classes and 2 folders.
[2019.05.08-05.36.53:497][ 73]LogFactory: FactoryCreateFile: Texture with ReimportTextureFactory (0 0 //gteng.homes.deakin.edu.au/my-home/UserData/Desktop/254/SweetDreamOvertime/Machines.png)
[2019.05.08-05.36.53:512][ 73]LogTexture: Display: Building textures: Machines (AutoDXT, 800X600)
[2019.05.08-05.36.56:998][415]LogEditorViewport: Clicking on Actor (LMB): Items_C (Items)
[2019.05.08-05.36.58:262][532]LogSlate: FSceneViewport::OnFocusLost() reason 0
[2019.05.08-05.37.11:390][746]LogAssetEditorManager: Opening Asset editor for PaperSprite /Game/TopDownBP/Texture/Machines/Machines_Sprite.Machines_Sprite
[2019.05.08-05.37.23:406][153]LogSlate: FSceneViewport::OnFocusLost() reason 0
